2020-03-31 00:08:25.022  INFO 28148 --- [lettuce-eventExecutorLoop-1-5] i.l.core.protocol.ConnectionWatchdog     : Reconnecting, last destination was /192.168.122.7:6379
2020-03-31 00:08:25.117  INFO 28148 --- [lettuce-nioEventLoop-4-1] i.l.core.protocol.ReconnectionHandler    : Reconnected to 192.168.122.7:6379
2020-03-31 00:09:49.201 DEBUG 28148 --- [http-nio-8888-exec-5] c.s.b.m.UserMapper.selectUserByEmail     : ==>  Preparing: SELECT u.id,u.`name`,u.salt,u.`password`,u.position,u.email,u.phone,u.office_id,u.department_id,u.avatar , r.`code` AS role, o.`code` AS permission FROM `user` AS u INNER JOIN user_role AS ur ON u.id = ur.use_id LEFT JOIN role AS r ON ur.rol_id = r.id LEFT JOIN role_operation ro ON r.id = ro.rol_id LEFT JOIN operation o ON ro.ope_id = o.id WHERE u.email = ? AND u.is_deleted = b'0' OR u.is_deleted = null AND ur.is_deleted = b'0' OR ur.is_deleted = null AND r.is_deleted = b'0' OR r.is_deleted = null AND ro.is_deleted = b'0' OR ro.is_deleted = null AND o.is_deleted = b'0' OR o.is_deleted = null 
2020-03-31 00:09:49.203 DEBUG 28148 --- [http-nio-8888-exec-5] c.s.b.m.UserMapper.selectUserByEmail     : ==> Parameters: handy1998@qq.com(String)
2020-03-31 00:09:49.219 DEBUG 28148 --- [http-nio-8888-exec-5] c.s.b.m.UserMapper.selectUserByEmail     : <==      Total: 3
2020-03-31 00:09:49.222 DEBUG 28148 --- [http-nio-8888-exec-5] c.s.b.mapper.UserMapper.selectUserById   : ==>  Preparing: SELECT u.id,u.`name`,u.salt,u.`password`,u.position,u.email,u.phone,u.office_id,u.department_id,u.avatar , r.`code` AS role, o.`code` AS permission FROM `user` AS u INNER JOIN user_role AS ur ON u.id = ur.use_id LEFT JOIN role AS r ON ur.rol_id = r.id LEFT JOIN role_operation ro ON r.id = ro.rol_id LEFT JOIN operation o ON ro.ope_id = o.id WHERE u.id = ? AND u.is_deleted = b'0' OR u.is_deleted = null AND ur.is_deleted = b'0' OR ur.is_deleted = null AND r.is_deleted = b'0' OR r.is_deleted = null AND ro.is_deleted = b'0' OR ro.is_deleted = null AND o.is_deleted = b'0' OR o.is_deleted = null 
2020-03-31 00:09:49.222 DEBUG 28148 --- [http-nio-8888-exec-5] c.s.b.mapper.UserMapper.selectUserById   : ==> Parameters: 6bf8719eec5bec13aa61d6eacdd74818(String)
2020-03-31 00:09:49.232 DEBUG 28148 --- [http-nio-8888-exec-5] c.s.b.mapper.UserMapper.selectUserById   : <==      Total: 3
2020-03-31 00:09:49.235 DEBUG 28148 --- [http-nio-8888-exec-5] c.s.b.mapper.OfficeMapper.selectById     : ==>  Preparing: SELECT id,name,url,phone,email,create_time,update_time,is_deleted FROM office WHERE id=? AND is_deleted=b'0' 
2020-03-31 00:09:49.235 DEBUG 28148 --- [http-nio-8888-exec-5] c.s.b.mapper.OfficeMapper.selectById     : ==> Parameters: a887c5eb331721807d88f4e9c40e2dcd(String)
2020-03-31 00:09:49.240 DEBUG 28148 --- [http-nio-8888-exec-5] c.s.b.mapper.OfficeMapper.selectById     : <==      Total: 1
2020-03-31 00:09:49.241 DEBUG 28148 --- [http-nio-8888-exec-5] c.s.b.m.DepartmentMapper.selectById      : ==>  Preparing: SELECT id,name,create_time,update_time,is_deleted,office_id FROM department WHERE id=? AND is_deleted=b'0' 
2020-03-31 00:09:49.241 DEBUG 28148 --- [http-nio-8888-exec-5] c.s.b.m.DepartmentMapper.selectById      : ==> Parameters: 494a49c4e895a791b61e53df257f9f60(String)
2020-03-31 00:09:49.245 DEBUG 28148 --- [http-nio-8888-exec-5] c.s.b.m.DepartmentMapper.selectById      : <==      Total: 1
2020-03-31 00:14:29.998  INFO 28148 --- [SpringContextShutdownHook] org.quartz.core.QuartzScheduler          : Scheduler quartzScheduler_$_NON_CLUSTERED paused.
2020-03-31 00:14:30.022  INFO 28148 --- [SpringContextShutdownHook] o.s.s.quartz.SchedulerFactoryBean        : Shutting down Quartz Scheduler
2020-03-31 00:14:30.022  INFO 28148 --- [SpringContextShutdownHook] org.quartz.core.QuartzScheduler          : Scheduler quartzScheduler_$_NON_CLUSTERED shutting down.
2020-03-31 00:14:30.022  INFO 28148 --- [SpringContextShutdownHook] org.quartz.core.QuartzScheduler          : Scheduler quartzScheduler_$_NON_CLUSTERED paused.
2020-03-31 00:14:30.022  INFO 28148 --- [SpringContextShutdownHook] org.quartz.core.QuartzScheduler          : Scheduler quartzScheduler_$_NON_CLUSTERED shutdown complete.
2020-03-31 00:14:30.032  INFO 28148 --- [SpringContextShutdownHook] com.alibaba.druid.pool.DruidDataSource   : {dataSource-1} closing ...
2020-03-31 00:14:30.036  INFO 28148 --- [SpringContextShutdownHook] com.alibaba.druid.pool.DruidDataSource   : {dataSource-1} closed
