2020-04-03 01:09:37.516  INFO 59073 --- [Test worker] c.spas.backend.BackEndApplicationTests   : Starting BackEndApplicationTests on 192.168.122.1 with PID 59073 (started by yuhanliu in /Users/yuhanliu/Documents/GraduationProject/spas)
2020-04-03 01:09:37.552  INFO 59073 --- [Test worker] c.spas.backend.BackEndApplicationTests   : No active profile set, falling back to default profiles: default
2020-04-03 01:09:38.728  INFO 59073 --- [Test worker] .s.d.r.c.RepositoryConfigurationDelegate : Multiple Spring Data modules found, entering strict repository configuration mode!
2020-04-03 01:09:38.731  INFO 59073 --- [Test worker] .s.d.r.c.RepositoryConfigurationDelegate : Bootstrapping Spring Data MongoDB repositories in DEFAULT mode.
2020-04-03 01:09:38.776  INFO 59073 --- [Test worker] .s.d.r.c.RepositoryConfigurationDelegate : Finished Spring Data repository scanning in 38ms. Found 0 MongoDB repository interfaces.
2020-04-03 01:09:38.796  INFO 59073 --- [Test worker] .s.d.r.c.RepositoryConfigurationDelegate : Multiple Spring Data modules found, entering strict repository configuration mode!
2020-04-03 01:09:38.797  INFO 59073 --- [Test worker] .s.d.r.c.RepositoryConfigurationDelegate : Bootstrapping Spring Data Redis repositories in DEFAULT mode.
2020-04-03 01:09:38.830  INFO 59073 --- [Test worker] .s.d.r.c.RepositoryConfigurationDelegate : Finished Spring Data repository scanning in 14ms. Found 0 Redis repository interfaces.
2020-04-03 01:09:39.545  INFO 59073 --- [Test worker] trationDelegate$BeanPostProcessorChecker : Bean 'shiroConfiguration' of type [com.spas.backend.config.ShiroConfiguration$$EnhancerBySpringCGLIB$$9bd2b4cb] is not eligible for getting processed by all BeanPostProcessors (for example: not eligible for auto-proxying)
2020-04-03 01:09:39.910  INFO 59073 --- [Test worker] trationDelegate$BeanPostProcessorChecker : Bean 'org.springframework.boot.autoconfigure.data.redis.RedisAutoConfiguration' of type [org.springframework.boot.autoconfigure.data.redis.RedisAutoConfiguration] is not eligible for getting processed by all BeanPostProcessors (for example: not eligible for auto-proxying)
2020-04-03 01:09:39.931  INFO 59073 --- [Test worker] trationDelegate$BeanPostProcessorChecker : Bean 'spring.redis-org.springframework.boot.autoconfigure.data.redis.RedisProperties' of type [org.springframework.boot.autoconfigure.data.redis.RedisProperties] is not eligible for getting processed by all BeanPostProcessors (for example: not eligible for auto-proxying)
2020-04-03 01:09:39.946  INFO 59073 --- [Test worker] trationDelegate$BeanPostProcessorChecker : Bean 'org.springframework.boot.autoconfigure.data.redis.LettuceConnectionConfiguration' of type [org.springframework.boot.autoconfigure.data.redis.LettuceConnectionConfiguration] is not eligible for getting processed by all BeanPostProcessors (for example: not eligible for auto-proxying)
2020-04-03 01:09:40.262  INFO 59073 --- [Test worker] trationDelegate$BeanPostProcessorChecker : Bean 'lettuceClientResources' of type [io.lettuce.core.resource.DefaultClientResources] is not eligible for getting processed by all BeanPostProcessors (for example: not eligible for auto-proxying)
2020-04-03 01:09:40.472  INFO 59073 --- [Test worker] trationDelegate$BeanPostProcessorChecker : Bean 'redisConnectionFactory' of type [org.springframework.data.redis.connection.lettuce.LettuceConnectionFactory] is not eligible for getting processed by all BeanPostProcessors (for example: not eligible for auto-proxying)
2020-04-03 01:09:40.626  INFO 59073 --- [Test worker] trationDelegate$BeanPostProcessorChecker : Bean 'stringRedisTemplate' of type [org.springframework.data.redis.core.StringRedisTemplate] is not eligible for getting processed by all BeanPostProcessors (for example: not eligible for auto-proxying)
2020-04-03 01:09:40.633  INFO 59073 --- [Test worker] trationDelegate$BeanPostProcessorChecker : Bean 'myRealm' of type [com.spas.backend.config.RealmConfiguration] is not eligible for getting processed by all BeanPostProcessors (for example: not eligible for auto-proxying)
2020-04-03 01:09:40.635  WARN 59073 --- [Test worker] o.a.s.web.mgt.DefaultWebSecurityManager  : The org.apache.shiro.web.mgt.DefaultWebSecurityManager implementation expects SessionManager instances that implement the org.apache.shiro.web.session.mgt.WebSessionManager interface.  The configured instance is of type [org.apache.shiro.session.mgt.DefaultSessionManager] which does not implement this interface..  This may cause unexpected behavior.
2020-04-03 01:09:40.666  INFO 59073 --- [Test worker] trationDelegate$BeanPostProcessorChecker : Bean 'securityManager' of type [org.apache.shiro.web.mgt.DefaultWebSecurityManager] is not eligible for getting processed by all BeanPostProcessors (for example: not eligible for auto-proxying)
2020-04-03 01:09:40.827  INFO 59073 --- [Test worker] trationDelegate$BeanPostProcessorChecker : Bean 'authorizationAttributeSourceAdvisor' of type [org.apache.shiro.spring.security.interceptor.AuthorizationAttributeSourceAdvisor] is not eligible for getting processed by all BeanPostProcessors (for example: not eligible for auto-proxying)
2020-04-03 01:09:40.985  INFO 59073 --- [Test worker] trationDelegate$BeanPostProcessorChecker : Bean 'org.apache.shiro.spring.boot.autoconfigure.ShiroBeanAutoConfiguration' of type [org.apache.shiro.spring.boot.autoconfigure.ShiroBeanAutoConfiguration$$EnhancerBySpringCGLIB$$d8f3a751] is not eligible for getting processed by all BeanPostProcessors (for example: not eligible for auto-proxying)
2020-04-03 01:09:40.995  INFO 59073 --- [Test worker] trationDelegate$BeanPostProcessorChecker : Bean 'eventBus' of type [org.apache.shiro.event.support.DefaultEventBus] is not eligible for getting processed by all BeanPostProcessors (for example: not eligible for auto-proxying)
2020-04-03 01:09:41.294  INFO 59073 --- [Test worker] c.a.d.s.b.a.DruidDataSourceAutoConfigure : Init DruidDataSource
2020-04-03 01:09:41.549  INFO 59073 --- [Test worker] com.alibaba.druid.pool.DruidDataSource   : {dataSource-1} inited
2020-04-03 01:09:44.138  INFO 59073 --- [Test worker] pertySourcedRequestMappingHandlerMapping : Mapped URL path [/v2/api-docs] onto method [springfox.documentation.swagger2.web.Swagger2Controller#getDocumentation(String, HttpServletRequest)]
2020-04-03 01:09:45.206  INFO 59073 --- [Test worker] org.mongodb.driver.cluster               : Cluster created with settings {hosts=[192.168.122.7:27017], mode=MULTIPLE, requiredClusterType=UNKNOWN, serverSelectionTimeout='30000 ms', maxWaitQueueSize=500}
2020-04-03 01:09:45.206  INFO 59073 --- [Test worker] org.mongodb.driver.cluster               : Adding discovered server 192.168.122.7:27017 to client view of cluster
2020-04-03 01:09:45.294  INFO 59073 --- [cluster-ClusterId{value='5e861c5904857415d57e4265', description='null'}-192.168.122.7:27017] org.mongodb.driver.connection            : Opened connection [connectionId{localValue:1, serverValue:485}] to 192.168.122.7:27017
2020-04-03 01:09:45.303  INFO 59073 --- [cluster-ClusterId{value='5e861c5904857415d57e4265', description='null'}-192.168.122.7:27017] org.mongodb.driver.cluster               : Monitor thread successfully connected to server with description ServerDescription{address=192.168.122.7:27017, type=STANDALONE, state=CONNECTED, ok=true, version=ServerVersion{versionList=[4, 2, 3]}, minWireVersion=0, maxWireVersion=8, maxDocumentSize=16777216, logicalSessionTimeoutMinutes=30, roundTripTimeNanos=7198907}
2020-04-03 01:09:45.305  INFO 59073 --- [cluster-ClusterId{value='5e861c5904857415d57e4265', description='null'}-192.168.122.7:27017] org.mongodb.driver.cluster               : Discovered cluster type of STANDALONE
2020-04-03 01:09:45.758  INFO 59073 --- [Test worker] org.quartz.impl.StdSchedulerFactory      : Using default implementation for ThreadExecutor
2020-04-03 01:09:45.778  INFO 59073 --- [Test worker] org.quartz.core.SchedulerSignalerImpl    : Initialized Scheduler Signaller of type: class org.quartz.core.SchedulerSignalerImpl
2020-04-03 01:09:45.779  INFO 59073 --- [Test worker] org.quartz.core.QuartzScheduler          : Quartz Scheduler v.2.3.2 created.
2020-04-03 01:09:45.779  INFO 59073 --- [Test worker] org.quartz.simpl.RAMJobStore             : RAMJobStore initialized.
2020-04-03 01:09:45.780  INFO 59073 --- [Test worker] org.quartz.core.QuartzScheduler          : Scheduler meta-data: Quartz Scheduler (v2.3.2) 'quartzScheduler' with instanceId 'NON_CLUSTERED'
  Scheduler class: 'org.quartz.core.QuartzScheduler' - running locally.
  NOT STARTED.
  Currently in standby mode.
  Number of jobs executed: 0
  Using thread pool 'org.quartz.simpl.SimpleThreadPool' - with 10 threads.
  Using job-store 'org.quartz.simpl.RAMJobStore' - which does not support persistence. and is not clustered.

2020-04-03 01:09:45.781  INFO 59073 --- [Test worker] org.quartz.impl.StdSchedulerFactory      : Quartz scheduler 'quartzScheduler' initialized from an externally provided properties instance.
2020-04-03 01:09:45.781  INFO 59073 --- [Test worker] org.quartz.impl.StdSchedulerFactory      : Quartz scheduler version: 2.3.2
2020-04-03 01:09:45.782  INFO 59073 --- [Test worker] org.quartz.core.QuartzScheduler          : JobFactory set to: org.springframework.scheduling.quartz.SpringBeanJobFactory@56bb713b
2020-04-03 01:09:45.980  INFO 59073 --- [Test worker] io.lettuce.core.EpollProvider            : Starting without optional epoll library
2020-04-03 01:09:45.981  INFO 59073 --- [Test worker] io.lettuce.core.KqueueProvider           : Starting without optional kqueue library
2020-04-03 01:09:46.305  INFO 59073 --- [Test worker] d.s.w.p.DocumentationPluginsBootstrapper : Context refreshed
2020-04-03 01:09:46.333  INFO 59073 --- [Test worker] d.s.w.p.DocumentationPluginsBootstrapper : Found 1 custom documentation plugin(s)
2020-04-03 01:09:46.365  INFO 59073 --- [Test worker] s.d.s.w.s.ApiListingReferenceScanner     : Scanning for api listing references
2020-04-03 01:09:46.565  INFO 59073 --- [Test worker] o.s.s.quartz.SchedulerFactoryBean        : Starting Quartz Scheduler now
2020-04-03 01:09:46.566  INFO 59073 --- [Test worker] org.quartz.core.QuartzScheduler          : Scheduler quartzScheduler_$_NON_CLUSTERED started.
2020-04-03 01:09:47.181  INFO 59073 --- [Test worker] s.a.ScheduledAnnotationBeanPostProcessor : No TaskScheduler/ScheduledExecutorService bean found for scheduled processing
2020-04-03 01:09:47.190  INFO 59073 --- [Test worker] c.spas.backend.BackEndApplicationTests   : Started BackEndApplicationTests in 10.257 seconds (JVM running for 11.974)
2020-04-03 01:09:47.741 DEBUG 59073 --- [Test worker] c.s.backend.mapper.OfficeMapper.insert   : ==>  Preparing: INSERT INTO office ( id, name, url, email ) VALUES ( ?, ?, ?, ? ) 
2020-04-03 01:09:47.770 DEBUG 59073 --- [Test worker] c.s.backend.mapper.OfficeMapper.insert   : ==> Parameters: 74a708c6a4d8f4bf55035540bc5adb81(String), 宜昌市人民检察院(String), http://yc.hbjc.gov.cn/(String), yuhan@wwpjw.net(String)
2020-04-03 01:09:47.780 DEBUG 59073 --- [Test worker] c.s.backend.mapper.OfficeMapper.insert   : <==    Updates: 1
2020-04-03 01:09:47.800  INFO 59073 --- [SpringContextShutdownHook] org.quartz.core.QuartzScheduler          : Scheduler quartzScheduler_$_NON_CLUSTERED paused.
2020-04-03 01:09:47.817  INFO 59073 --- [SpringContextShutdownHook] o.s.s.quartz.SchedulerFactoryBean        : Shutting down Quartz Scheduler
2020-04-03 01:09:47.817  INFO 59073 --- [SpringContextShutdownHook] org.quartz.core.QuartzScheduler          : Scheduler quartzScheduler_$_NON_CLUSTERED shutting down.
2020-04-03 01:09:47.817  INFO 59073 --- [SpringContextShutdownHook] org.quartz.core.QuartzScheduler          : Scheduler quartzScheduler_$_NON_CLUSTERED paused.
2020-04-03 01:09:47.817  INFO 59073 --- [SpringContextShutdownHook] org.quartz.core.QuartzScheduler          : Scheduler quartzScheduler_$_NON_CLUSTERED shutdown complete.
2020-04-03 01:09:47.823  INFO 59073 --- [SpringContextShutdownHook] com.alibaba.druid.pool.DruidDataSource   : {dataSource-1} closing ...
2020-04-03 01:09:47.828  INFO 59073 --- [SpringContextShutdownHook] com.alibaba.druid.pool.DruidDataSource   : {dataSource-1} closed
