2020-03-26 00:08:57.644 [http-nio-8080-exec-8] DEBUG c.spas.backend.mapper.UserMapper.selectUserByEmail - ==>  Preparing: SELECT u.id, u.name, u.salt, u.password, u.position, u.email, u.phone, u.office_id, u.department_id, u.avatar FROM user as u WHERE email = ? AND is_deleted = b'0' 
2020-03-26 00:08:57.686 [http-nio-8080-exec-8] DEBUG c.spas.backend.mapper.UserMapper.selectUserByEmail - ==> Parameters: handy1998@qq.com(String)
2020-03-26 00:08:57.704 [http-nio-8080-exec-8] DEBUG c.spas.backend.mapper.UserMapper.selectUserByEmail - <==      Total: 1
2020-03-26 00:08:57.731 [http-nio-8080-exec-8] DEBUG c.spas.backend.mapper.UserMapper.selectUserByEmail - ==>  Preparing: SELECT u.id, u.name, u.salt, u.password, u.position, u.email, u.phone, u.office_id, u.department_id, u.avatar FROM user as u WHERE email = ? AND is_deleted = b'0' 
2020-03-26 00:08:57.731 [http-nio-8080-exec-8] DEBUG c.spas.backend.mapper.UserMapper.selectUserByEmail - ==> Parameters: handy1998@qq.com(String)
2020-03-26 00:08:57.736 [http-nio-8080-exec-8] DEBUG c.spas.backend.mapper.UserMapper.selectUserByEmail - <==      Total: 1
2020-03-26 00:12:09.223 [http-nio-8080-exec-4] DEBUG c.spas.backend.mapper.UserMapper.selectUserByEmail - ==>  Preparing: SELECT u.id, u.name, u.salt, u.password, u.position, u.email, u.phone, u.office_id, u.department_id, u.avatar FROM user as u WHERE email = ? AND is_deleted = b'0' 
2020-03-26 00:12:09.240 [http-nio-8080-exec-4] DEBUG c.spas.backend.mapper.UserMapper.selectUserByEmail - ==> Parameters: handy1998@qq.com(String)
2020-03-26 00:12:09.264 [http-nio-8080-exec-4] DEBUG c.spas.backend.mapper.UserMapper.selectUserByEmail - <==      Total: 1
2020-03-26 00:12:09.281 [http-nio-8080-exec-4] DEBUG c.spas.backend.mapper.UserMapper.selectUserByEmail - ==>  Preparing: SELECT u.id, u.name, u.salt, u.password, u.position, u.email, u.phone, u.office_id, u.department_id, u.avatar FROM user as u WHERE email = ? AND is_deleted = b'0' 
2020-03-26 00:12:09.282 [http-nio-8080-exec-4] DEBUG c.spas.backend.mapper.UserMapper.selectUserByEmail - ==> Parameters: handy1998@qq.com(String)
2020-03-26 00:12:09.288 [http-nio-8080-exec-4] DEBUG c.spas.backend.mapper.UserMapper.selectUserByEmail - <==      Total: 1
2020-03-26 00:39:32.470 [http-nio-8080-exec-9] DEBUG c.spas.backend.mapper.UserMapper.selectUserByEmail - ==>  Preparing: SELECT u.id, u.name, u.salt, u.password, u.position, u.email, u.phone, u.office_id, u.department_id, u.avatar FROM user as u WHERE email = ? AND is_deleted = b'0' 
2020-03-26 00:39:32.493 [http-nio-8080-exec-9] DEBUG c.spas.backend.mapper.UserMapper.selectUserByEmail - ==> Parameters: handy1998@qq.com(String)
2020-03-26 00:39:32.514 [http-nio-8080-exec-9] DEBUG c.spas.backend.mapper.UserMapper.selectUserByEmail - <==      Total: 1
2020-03-26 00:39:32.536 [http-nio-8080-exec-9] DEBUG c.spas.backend.mapper.UserMapper.selectUserByEmail - ==>  Preparing: SELECT u.id, u.name, u.salt, u.password, u.position, u.email, u.phone, u.office_id, u.department_id, u.avatar FROM user as u WHERE email = ? AND is_deleted = b'0' 
2020-03-26 00:39:32.536 [http-nio-8080-exec-9] DEBUG c.spas.backend.mapper.UserMapper.selectUserByEmail - ==> Parameters: handy1998@qq.com(String)
2020-03-26 00:39:32.541 [http-nio-8080-exec-9] DEBUG c.spas.backend.mapper.UserMapper.selectUserByEmail - <==      Total: 1
2020-03-26 00:41:05.204 [http-nio-8080-exec-1] DEBUG c.spas.backend.mapper.UserMapper.selectUserByEmail - ==>  Preparing: SELECT u.id, u.name, u.salt, u.password, u.position, u.email, u.phone, u.office_id, u.department_id, u.avatar FROM user as u WHERE email = ? AND is_deleted = b'0' 
2020-03-26 00:41:05.205 [http-nio-8080-exec-1] DEBUG c.spas.backend.mapper.UserMapper.selectUserByEmail - ==> Parameters: handy1998@qq.com(String)
2020-03-26 00:41:05.209 [http-nio-8080-exec-1] DEBUG c.spas.backend.mapper.UserMapper.selectUserByEmail - <==      Total: 1
2020-03-26 00:41:05.211 [http-nio-8080-exec-1] DEBUG c.spas.backend.mapper.UserMapper.selectUserByEmail - ==>  Preparing: SELECT u.id, u.name, u.salt, u.password, u.position, u.email, u.phone, u.office_id, u.department_id, u.avatar FROM user as u WHERE email = ? AND is_deleted = b'0' 
2020-03-26 00:41:05.211 [http-nio-8080-exec-1] DEBUG c.spas.backend.mapper.UserMapper.selectUserByEmail - ==> Parameters: handy1998@qq.com(String)
2020-03-26 00:41:05.215 [http-nio-8080-exec-1] DEBUG c.spas.backend.mapper.UserMapper.selectUserByEmail - <==      Total: 1
2020-03-26 01:50:12.617 [http-nio-8080-exec-7] DEBUG c.spas.backend.mapper.UserMapper.selectUserByEmail - ==>  Preparing: SELECT u.id, u.name, u.salt, u.password, u.position, u.email, u.phone, u.office_id, u.department_id, u.avatar FROM user as u WHERE email = ? AND is_deleted = b'0' 
2020-03-26 01:50:12.638 [http-nio-8080-exec-7] DEBUG c.spas.backend.mapper.UserMapper.selectUserByEmail - ==> Parameters: (String)
2020-03-26 01:50:12.660 [http-nio-8080-exec-7] DEBUG c.spas.backend.mapper.UserMapper.selectUserByEmail - <==      Total: 0
2020-03-26 11:44:31.820 [main] DEBUG com.spas.backend.mapper.RoleMapper.insert - ==>  Preparing: INSERT INTO role ( id, code, description, office_id ) VALUES ( ?, ?, ?, ? ) 
2020-03-26 11:44:31.844 [main] DEBUG com.spas.backend.mapper.RoleMapper.insert - ==> Parameters: 6aae396f6af4d9bdf5d7683c82101d82(String), administrative_personnel(String), 行政机关人员(String), a887c5eb331721807d88f4e9c40e2dcd(String)
2020-03-26 11:44:31.854 [main] DEBUG com.spas.backend.mapper.RoleMapper.insert - <==    Updates: 1
2020-03-26 11:59:39.874 [Test worker] DEBUG com.spas.backend.mapper.OperationMapper.insert - ==>  Preparing: INSERT INTO operation ( id, code, description ) VALUES ( ?, ?, ? ) 
2020-03-26 11:59:39.897 [Test worker] DEBUG com.spas.backend.mapper.OperationMapper.insert - ==> Parameters: 050aba608125344d098a0998852fab01(String), user:getByEmail(String), 可通过Email查询用户信息(String)
2020-03-26 11:59:39.909 [Test worker] DEBUG com.spas.backend.mapper.OperationMapper.insert - <==    Updates: 1
2020-03-26 12:03:52.529 [Test worker] DEBUG com.spas.backend.mapper.DepartmentMapper.insert - ==>  Preparing: INSERT INTO department ( id, name, office_id ) VALUES ( ?, ?, ? ) 
2020-03-26 12:03:52.554 [Test worker] DEBUG com.spas.backend.mapper.DepartmentMapper.insert - ==> Parameters: de20808201c66109f3a3202d05e1f795(String), 被监督机关(String), a887c5eb331721807d88f4e9c40e2dcd(String)
2020-03-26 12:03:52.563 [Test worker] DEBUG com.spas.backend.mapper.DepartmentMapper.insert - <==    Updates: 1
2020-03-26 12:04:37.935 [Test worker] DEBUG com.spas.backend.mapper.UserMapper.insert - ==>  Preparing: INSERT INTO user ( id, name, position, email, phone, department_id, office_id, avatar ) VALUES ( ?, ?, ?, ?, ?, ?, ?, ? ) 
2020-03-26 12:04:37.962 [Test worker] DEBUG com.spas.backend.mapper.UserMapper.insert - ==> Parameters: c303144308e8e660c1b5a2d3ae64a394(String), 李四(String), 国土资源局局长(String), handy1998@qq.com(String), 18072837645(String), de20808201c66109f3a3202d05e1f795(String), a887c5eb331721807d88f4e9c40e2dcd(String), https://mybatis.plus/img/logo.png(String)
2020-03-26 12:09:13.481 [Test worker] DEBUG com.spas.backend.mapper.UserMapper.insert - ==>  Preparing: INSERT INTO user ( id, name, salt, password, position, email, phone, department_id, office_id, avatar ) VALUES ( ?, ?, ?, ?, ?, ?, ?, ?, ?, ? ) 
2020-03-26 12:09:13.506 [Test worker] DEBUG com.spas.backend.mapper.UserMapper.insert - ==> Parameters: b7a894040681bc2c56c48cea3a5a7ab4(String), 李四(String), 3bf6056d25e0fc9ac4615a3e1c6624cd(String), fb08093b7385f8057c590e7475b3005a7ff67a490aa6a86a57111eddae3d7ddb(String), 国土资源局局长(String), handy1998@qq.com(String), 18072837645(String), de20808201c66109f3a3202d05e1f795(String), a887c5eb331721807d88f4e9c40e2dcd(String), https://mybatis.plus/img/logo.png(String)
2020-03-26 12:09:13.520 [Test worker] DEBUG com.spas.backend.mapper.UserMapper.insert - <==    Updates: 1
2020-03-26 12:10:58.249 [Test worker] DEBUG com.spas.backend.mapper.UserRoleMapper.insert - ==>  Preparing: INSERT INTO user_role ( use_id, rol_id, office_id ) VALUES ( ?, ?, ? ) 
2020-03-26 12:10:58.270 [Test worker] DEBUG com.spas.backend.mapper.UserRoleMapper.insert - ==> Parameters: 3bf6056d25e0fc9ac4615a3e1c6624cd(String), 6aae396f6af4d9bdf5d7683c82101d82(String), a887c5eb331721807d88f4e9c40e2dcd(String)
2020-03-26 12:13:01.580 [Test worker] DEBUG com.spas.backend.mapper.UserRoleMapper.insert - ==>  Preparing: INSERT INTO user_role ( use_id, rol_id, office_id ) VALUES ( ?, ?, ? ) 
2020-03-26 12:13:01.615 [Test worker] DEBUG com.spas.backend.mapper.UserRoleMapper.insert - ==> Parameters: b7a894040681bc2c56c48cea3a5a7ab4(String), 6aae396f6af4d9bdf5d7683c82101d82(String), a887c5eb331721807d88f4e9c40e2dcd(String)
2020-03-26 12:13:01.625 [Test worker] DEBUG com.spas.backend.mapper.UserRoleMapper.insert - <==    Updates: 1
2020-03-26 12:31:20.335 [Test worker] DEBUG com.spas.backend.mapper.RoleOperationMapper.insert - ==>  Preparing: INSERT INTO role_operation ( ope_id, rol_id, office_id ) VALUES ( ?, ?, ? ) 
2020-03-26 12:31:20.360 [Test worker] DEBUG com.spas.backend.mapper.RoleOperationMapper.insert - ==> Parameters: 050aba608125344d098a0998852fab01(String), da05fed3b0626305edc8368527e071ca(String), a887c5eb331721807d88f4e9c40e2dcd(String)
2020-03-26 12:31:20.371 [Test worker] DEBUG com.spas.backend.mapper.RoleOperationMapper.insert - <==    Updates: 1
2020-03-26 12:33:42.561 [http-nio-8080-exec-8] DEBUG c.spas.backend.mapper.UserMapper.selectUserByEmail - ==>  Preparing: SELECT u.id, u.name, u.salt, u.password, u.position, u.email, u.phone, u.office_id, u.department_id, u.avatar FROM user as u WHERE email = ? AND is_deleted = b'0' 
2020-03-26 12:33:42.579 [http-nio-8080-exec-8] DEBUG c.spas.backend.mapper.UserMapper.selectUserByEmail - ==> Parameters: handy1998@qq.com(String)
2020-03-26 12:33:42.601 [http-nio-8080-exec-8] DEBUG c.spas.backend.mapper.UserMapper.selectUserByEmail - <==      Total: 1
2020-03-26 12:33:42.621 [http-nio-8080-exec-8] DEBUG c.spas.backend.mapper.UserMapper.selectUserByEmail - ==>  Preparing: SELECT u.id, u.name, u.salt, u.password, u.position, u.email, u.phone, u.office_id, u.department_id, u.avatar FROM user as u WHERE email = ? AND is_deleted = b'0' 
2020-03-26 12:33:42.621 [http-nio-8080-exec-8] DEBUG c.spas.backend.mapper.UserMapper.selectUserByEmail - ==> Parameters: handy1998@qq.com(String)
2020-03-26 12:33:42.626 [http-nio-8080-exec-8] DEBUG c.spas.backend.mapper.UserMapper.selectUserByEmail - <==      Total: 1
2020-03-26 12:33:50.704 [http-nio-8080-exec-9] DEBUG c.spas.backend.mapper.UserMapper.selectUserByEmail - ==>  Preparing: SELECT u.id, u.name, u.salt, u.password, u.position, u.email, u.phone, u.office_id, u.department_id, u.avatar FROM user as u WHERE email = ? AND is_deleted = b'0' 
2020-03-26 12:33:50.705 [http-nio-8080-exec-9] DEBUG c.spas.backend.mapper.UserMapper.selectUserByEmail - ==> Parameters: handy1998@qq(String)
2020-03-26 12:33:50.709 [http-nio-8080-exec-9] DEBUG c.spas.backend.mapper.UserMapper.selectUserByEmail - <==      Total: 0
2020-03-26 12:34:56.270 [http-nio-8080-exec-1] DEBUG c.spas.backend.mapper.UserMapper.selectUserByEmail - ==>  Preparing: SELECT u.id, u.name, u.salt, u.password, u.position, u.email, u.phone, u.office_id, u.department_id, u.avatar FROM user as u WHERE email = ? AND is_deleted = b'0' 
2020-03-26 12:34:56.271 [http-nio-8080-exec-1] DEBUG c.spas.backend.mapper.UserMapper.selectUserByEmail - ==> Parameters: handy1998@qq(String)
2020-03-26 12:34:56.276 [http-nio-8080-exec-1] DEBUG c.spas.backend.mapper.UserMapper.selectUserByEmail - <==      Total: 0
2020-03-26 12:34:58.145 [http-nio-8080-exec-2] DEBUG c.spas.backend.mapper.UserMapper.selectUserByEmail - ==>  Preparing: SELECT u.id, u.name, u.salt, u.password, u.position, u.email, u.phone, u.office_id, u.department_id, u.avatar FROM user as u WHERE email = ? AND is_deleted = b'0' 
2020-03-26 12:34:58.146 [http-nio-8080-exec-2] DEBUG c.spas.backend.mapper.UserMapper.selectUserByEmail - ==> Parameters: handy1998@qq(String)
2020-03-26 12:34:58.151 [http-nio-8080-exec-2] DEBUG c.spas.backend.mapper.UserMapper.selectUserByEmail - <==      Total: 0
2020-03-26 12:35:19.098 [http-nio-8080-exec-3] DEBUG c.spas.backend.mapper.UserMapper.selectUserByEmail - ==>  Preparing: SELECT u.id, u.name, u.salt, u.password, u.position, u.email, u.phone, u.office_id, u.department_id, u.avatar FROM user as u WHERE email = ? AND is_deleted = b'0' 
2020-03-26 12:35:19.099 [http-nio-8080-exec-3] DEBUG c.spas.backend.mapper.UserMapper.selectUserByEmail - ==> Parameters: `handy1998@qq(String)
2020-03-26 12:35:19.105 [http-nio-8080-exec-3] DEBUG c.spas.backend.mapper.UserMapper.selectUserByEmail - <==      Total: 0
2020-03-26 12:36:19.143 [http-nio-8080-exec-1] DEBUG c.spas.backend.mapper.UserMapper.selectUserByEmail - ==>  Preparing: SELECT u.id, u.name, u.salt, u.password, u.position, u.email, u.phone, u.office_id, u.department_id, u.avatar FROM user as u WHERE email = ? AND is_deleted = b'0' 
2020-03-26 12:36:19.144 [http-nio-8080-exec-1] DEBUG c.spas.backend.mapper.UserMapper.selectUserByEmail - ==> Parameters: 'handy1998@qq(String)
2020-03-26 12:36:19.149 [http-nio-8080-exec-1] DEBUG c.spas.backend.mapper.UserMapper.selectUserByEmail - <==      Total: 0
2020-03-26 12:36:22.016 [http-nio-8080-exec-2] DEBUG c.spas.backend.mapper.UserMapper.selectUserByEmail - ==>  Preparing: SELECT u.id, u.name, u.salt, u.password, u.position, u.email, u.phone, u.office_id, u.department_id, u.avatar FROM user as u WHERE email = ? AND is_deleted = b'0' 
2020-03-26 12:36:22.017 [http-nio-8080-exec-2] DEBUG c.spas.backend.mapper.UserMapper.selectUserByEmail - ==> Parameters: 'handy1998@qq(String)
2020-03-26 12:36:22.023 [http-nio-8080-exec-2] DEBUG c.spas.backend.mapper.UserMapper.selectUserByEmail - <==      Total: 0
2020-03-26 12:36:23.017 [http-nio-8080-exec-3] DEBUG c.spas.backend.mapper.UserMapper.selectUserByEmail - ==>  Preparing: SELECT u.id, u.name, u.salt, u.password, u.position, u.email, u.phone, u.office_id, u.department_id, u.avatar FROM user as u WHERE email = ? AND is_deleted = b'0' 
2020-03-26 12:36:23.018 [http-nio-8080-exec-3] DEBUG c.spas.backend.mapper.UserMapper.selectUserByEmail - ==> Parameters: 'handy1998@qq(String)
2020-03-26 12:36:23.021 [http-nio-8080-exec-3] DEBUG c.spas.backend.mapper.UserMapper.selectUserByEmail - <==      Total: 0
2020-03-26 12:36:28.207 [http-nio-8080-exec-4] DEBUG c.spas.backend.mapper.UserMapper.selectUserByEmail - ==>  Preparing: SELECT u.id, u.name, u.salt, u.password, u.position, u.email, u.phone, u.office_id, u.department_id, u.avatar FROM user as u WHERE email = ? AND is_deleted = b'0' 
2020-03-26 12:36:28.207 [http-nio-8080-exec-4] DEBUG c.spas.backend.mapper.UserMapper.selectUserByEmail - ==> Parameters: 'handy1998@qq(String)
2020-03-26 12:36:28.211 [http-nio-8080-exec-4] DEBUG c.spas.backend.mapper.UserMapper.selectUserByEmail - <==      Total: 0
2020-03-26 12:36:40.199 [http-nio-8080-exec-5] DEBUG c.spas.backend.mapper.UserMapper.selectUserByEmail - ==>  Preparing: SELECT u.id, u.name, u.salt, u.password, u.position, u.email, u.phone, u.office_id, u.department_id, u.avatar FROM user as u WHERE email = ? AND is_deleted = b'0' 
2020-03-26 12:36:40.199 [http-nio-8080-exec-5] DEBUG c.spas.backend.mapper.UserMapper.selectUserByEmail - ==> Parameters: 'handy1998@qq(String)
2020-03-26 12:36:40.203 [http-nio-8080-exec-5] DEBUG c.spas.backend.mapper.UserMapper.selectUserByEmail - <==      Total: 0
2020-03-26 12:36:43.737 [http-nio-8080-exec-1] DEBUG c.spas.backend.mapper.UserMapper.selectUserByEmail - ==>  Preparing: SELECT u.id, u.name, u.salt, u.password, u.position, u.email, u.phone, u.office_id, u.department_id, u.avatar FROM user as u WHERE email = ? AND is_deleted = b'0' 
2020-03-26 12:36:43.737 [http-nio-8080-exec-1] DEBUG c.spas.backend.mapper.UserMapper.selectUserByEmail - ==> Parameters: 'handy1998@qq(String)
2020-03-26 12:36:43.742 [http-nio-8080-exec-1] DEBUG c.spas.backend.mapper.UserMapper.selectUserByEmail - <==      Total: 0
2020-03-26 12:37:02.904 [http-nio-8080-exec-1] DEBUG c.spas.backend.mapper.UserMapper.selectUserByEmail - ==>  Preparing: SELECT u.id, u.name, u.salt, u.password, u.position, u.email, u.phone, u.office_id, u.department_id, u.avatar FROM user as u WHERE email = ? AND is_deleted = b'0' 
2020-03-26 12:37:02.905 [http-nio-8080-exec-1] DEBUG c.spas.backend.mapper.UserMapper.selectUserByEmail - ==> Parameters: handy1998@qq.com(String)
2020-03-26 12:37:02.911 [http-nio-8080-exec-1] DEBUG c.spas.backend.mapper.UserMapper.selectUserByEmail - <==      Total: 1
2020-03-26 12:38:10.844 [http-nio-8080-exec-3] DEBUG c.spas.backend.mapper.UserMapper.selectUserByEmail - ==>  Preparing: SELECT u.id, u.name, u.salt, u.password, u.position, u.email, u.phone, u.office_id, u.department_id, u.avatar FROM user as u WHERE email = ? AND is_deleted = b'0' 
2020-03-26 12:38:10.844 [http-nio-8080-exec-3] DEBUG c.spas.backend.mapper.UserMapper.selectUserByEmail - ==> Parameters: handy1998@qq.com(String)
2020-03-26 12:38:10.851 [http-nio-8080-exec-3] DEBUG c.spas.backend.mapper.UserMapper.selectUserByEmail - <==      Total: 1
2020-03-26 12:39:32.707 [http-nio-8080-exec-5] DEBUG c.spas.backend.mapper.UserMapper.selectUserByEmail - ==>  Preparing: SELECT u.id, u.name, u.salt, u.password, u.position, u.email, u.phone, u.office_id, u.department_id, u.avatar FROM user as u WHERE email = ? AND is_deleted = b'0' 
2020-03-26 12:39:32.707 [http-nio-8080-exec-5] DEBUG c.spas.backend.mapper.UserMapper.selectUserByEmail - ==> Parameters: handy1998@qq.com(String)
2020-03-26 12:39:32.732 [http-nio-8080-exec-5] DEBUG c.spas.backend.mapper.UserMapper.selectUserByEmail - <==      Total: 1
2020-03-26 12:39:42.834 [http-nio-8080-exec-1] DEBUG c.spas.backend.mapper.UserMapper.selectUserByEmail - ==>  Preparing: SELECT u.id, u.name, u.salt, u.password, u.position, u.email, u.phone, u.office_id, u.department_id, u.avatar FROM user as u WHERE email = ? AND is_deleted = b'0' 
2020-03-26 12:39:42.835 [http-nio-8080-exec-1] DEBUG c.spas.backend.mapper.UserMapper.selectUserByEmail - ==> Parameters: handy1998@qq.com(String)
2020-03-26 12:39:42.841 [http-nio-8080-exec-1] DEBUG c.spas.backend.mapper.UserMapper.selectUserByEmail - <==      Total: 1
2020-03-26 12:41:05.838 [http-nio-8080-exec-3] DEBUG c.spas.backend.mapper.UserMapper.selectUserByEmail - ==>  Preparing: SELECT u.id, u.name, u.salt, u.password, u.position, u.email, u.phone, u.office_id, u.department_id, u.avatar FROM user as u WHERE email = ? AND is_deleted = b'0' 
2020-03-26 12:41:05.839 [http-nio-8080-exec-3] DEBUG c.spas.backend.mapper.UserMapper.selectUserByEmail - ==> Parameters: handy1998@qq.com(String)
2020-03-26 12:41:05.843 [http-nio-8080-exec-3] DEBUG c.spas.backend.mapper.UserMapper.selectUserByEmail - <==      Total: 1
2020-03-26 12:45:20.136 [http-nio-8080-exec-1] DEBUG c.spas.backend.mapper.UserMapper.selectUserByEmail - ==>  Preparing: SELECT u.id, u.name, u.salt, u.password, u.position, u.email, u.phone, u.office_id, u.department_id, u.avatar FROM user as u WHERE email = ? AND is_deleted = b'0' 
2020-03-26 12:45:20.137 [http-nio-8080-exec-1] DEBUG c.spas.backend.mapper.UserMapper.selectUserByEmail - ==> Parameters: handy1998@qq.com(String)
2020-03-26 12:45:20.143 [http-nio-8080-exec-1] DEBUG c.spas.backend.mapper.UserMapper.selectUserByEmail - <==      Total: 1
2020-03-26 12:45:36.791 [http-nio-8080-exec-9] DEBUG c.spas.backend.mapper.UserMapper.selectUserByEmail - ==>  Preparing: SELECT u.id, u.name, u.salt, u.password, u.position, u.email, u.phone, u.office_id, u.department_id, u.avatar FROM user as u WHERE email = ? AND is_deleted = b'0' 
2020-03-26 12:45:36.792 [http-nio-8080-exec-9] DEBUG c.spas.backend.mapper.UserMapper.selectUserByEmail - ==> Parameters: handy1998@qq.com(String)
2020-03-26 12:45:36.796 [http-nio-8080-exec-9] DEBUG c.spas.backend.mapper.UserMapper.selectUserByEmail - <==      Total: 1
2020-03-26 12:45:36.797 [http-nio-8080-exec-9] DEBUG c.spas.backend.mapper.UserMapper.selectUserByEmail - ==>  Preparing: SELECT u.id, u.name, u.salt, u.password, u.position, u.email, u.phone, u.office_id, u.department_id, u.avatar FROM user as u WHERE email = ? AND is_deleted = b'0' 
2020-03-26 12:45:36.797 [http-nio-8080-exec-9] DEBUG c.spas.backend.mapper.UserMapper.selectUserByEmail - ==> Parameters: handy1998@qq.com(String)
2020-03-26 12:45:36.806 [http-nio-8080-exec-9] DEBUG c.spas.backend.mapper.UserMapper.selectUserByEmail - <==      Total: 1
2020-03-26 12:45:46.901 [http-nio-8080-exec-1] DEBUG c.spas.backend.mapper.UserMapper.selectUserByEmail - ==>  Preparing: SELECT u.id, u.name, u.salt, u.password, u.position, u.email, u.phone, u.office_id, u.department_id, u.avatar FROM user as u WHERE email = ? AND is_deleted = b'0' 
2020-03-26 12:45:46.902 [http-nio-8080-exec-1] DEBUG c.spas.backend.mapper.UserMapper.selectUserByEmail - ==> Parameters: handy1998@qq.com(String)
2020-03-26 12:45:46.907 [http-nio-8080-exec-1] DEBUG c.spas.backend.mapper.UserMapper.selectUserByEmail - <==      Total: 1
2020-03-26 12:48:07.356 [http-nio-8080-exec-1] DEBUG c.spas.backend.mapper.UserMapper.selectUserByEmail - ==>  Preparing: SELECT u.id, u.name, u.salt, u.password, u.position, u.email, u.phone, u.office_id, u.department_id, u.avatar FROM user as u WHERE email = ? AND is_deleted = b'0' 
2020-03-26 12:48:07.356 [http-nio-8080-exec-1] DEBUG c.spas.backend.mapper.UserMapper.selectUserByEmail - ==> Parameters: handy1998@qq.com(String)
2020-03-26 12:48:07.360 [http-nio-8080-exec-1] DEBUG c.spas.backend.mapper.UserMapper.selectUserByEmail - <==      Total: 1
2020-03-26 12:48:10.200 [http-nio-8080-exec-1] DEBUG c.spas.backend.mapper.UserMapper.selectUserByEmail - ==>  Preparing: SELECT u.id, u.name, u.salt, u.password, u.position, u.email, u.phone, u.office_id, u.department_id, u.avatar FROM user as u WHERE email = ? AND is_deleted = b'0' 
2020-03-26 12:48:10.200 [http-nio-8080-exec-1] DEBUG c.spas.backend.mapper.UserMapper.selectUserByEmail - ==> Parameters: handy1998@qq.com(String)
2020-03-26 12:48:10.207 [http-nio-8080-exec-1] DEBUG c.spas.backend.mapper.UserMapper.selectUserByEmail - <==      Total: 1
2020-03-26 12:48:10.947 [http-nio-8080-exec-2] DEBUG c.spas.backend.mapper.UserMapper.selectUserByEmail - ==>  Preparing: SELECT u.id, u.name, u.salt, u.password, u.position, u.email, u.phone, u.office_id, u.department_id, u.avatar FROM user as u WHERE email = ? AND is_deleted = b'0' 
2020-03-26 12:48:10.949 [http-nio-8080-exec-2] DEBUG c.spas.backend.mapper.UserMapper.selectUserByEmail - ==> Parameters: handy1998@qq.com(String)
2020-03-26 12:48:10.953 [http-nio-8080-exec-2] DEBUG c.spas.backend.mapper.UserMapper.selectUserByEmail - <==      Total: 1
2020-03-26 12:48:11.533 [http-nio-8080-exec-3] DEBUG c.spas.backend.mapper.UserMapper.selectUserByEmail - ==>  Preparing: SELECT u.id, u.name, u.salt, u.password, u.position, u.email, u.phone, u.office_id, u.department_id, u.avatar FROM user as u WHERE email = ? AND is_deleted = b'0' 
2020-03-26 12:48:11.534 [http-nio-8080-exec-3] DEBUG c.spas.backend.mapper.UserMapper.selectUserByEmail - ==> Parameters: handy1998@qq.com(String)
2020-03-26 12:48:11.539 [http-nio-8080-exec-3] DEBUG c.spas.backend.mapper.UserMapper.selectUserByEmail - <==      Total: 1
2020-03-26 13:38:20.305 [Test worker] DEBUG com.spas.backend.mapper.OperationMapper.insert - ==>  Preparing: INSERT INTO operation ( id, code, description, office_id ) VALUES ( ?, ?, ?, ? ) 
2020-03-26 13:38:20.345 [Test worker] DEBUG com.spas.backend.mapper.OperationMapper.insert - ==> Parameters: 06c0f43cd4eeaae285c06712596427bd(String), user:addByDto(String), 可通过添加用户(String), a887c5eb331721807d88f4e9c40e2dcd(String)
2020-03-26 13:38:20.359 [Test worker] DEBUG com.spas.backend.mapper.OperationMapper.insert - <==    Updates: 1
2020-03-26 13:38:41.123 [Test worker] DEBUG com.spas.backend.mapper.RoleOperationMapper.insert - ==>  Preparing: INSERT INTO role_operation ( ope_id, rol_id, office_id ) VALUES ( ?, ?, ? ) 
2020-03-26 13:38:41.144 [Test worker] DEBUG com.spas.backend.mapper.RoleOperationMapper.insert - ==> Parameters: 06c0f43cd4eeaae285c06712596427bd(String), da05fed3b0626305edc8368527e071ca(String), a887c5eb331721807d88f4e9c40e2dcd(String)
2020-03-26 13:38:41.173 [Test worker] DEBUG com.spas.backend.mapper.RoleOperationMapper.insert - <==    Updates: 1
2020-03-26 14:21:48.577 [Test worker] DEBUG c.spas.backend.mapper.UserMapper.selectUserByEmail - ==>  Preparing: SELECT u.id,u.`name`,u.salt,u.`password`,u.position,u.email,u.phone,u.office_id,u.department_id,u.avatar , r.`code` AS role, o.`code` AS permission FROM `user` as u INNER JOIN user_role AS ur ON u.id = ur.use_id LEFT JOIN role AS r ON ur.rol_id = r.id LEFT JOIN role_operation ro ON r.id = ro.rol_id LEFT JOIN operation o ON ro.ope_id = o.id WHERE u.email = ? AND u.is_deleted = b'0' OR u.is_deleted = null AND ur.is_deleted = b'0' OR ur.is_deleted = null AND r.is_deleted = b'0' OR r.is_deleted = null AND ro.is_deleted = b'0' OR ro.is_deleted = null AND o.is_deleted = b'0' OR o.is_deleted = null 
2020-03-26 14:21:48.603 [Test worker] DEBUG c.spas.backend.mapper.UserMapper.selectUserByEmail - ==> Parameters: handy1998@qq.com(String)
2020-03-26 14:22:30.156 [Test worker] DEBUG c.spas.backend.mapper.UserMapper.selectUserByEmail - ==>  Preparing: SELECT u.id,u.`name`,u.salt,u.`password`,u.position,u.email,u.phone,u.office_id,u.department_id,u.avatar , r.`code` AS role, o.`code` AS permission FROM `user` as u INNER JOIN user_role AS ur ON u.id = ur.use_id LEFT JOIN role AS r ON ur.rol_id = r.id LEFT JOIN role_operation ro ON r.id = ro.rol_id LEFT JOIN operation o ON ro.ope_id = o.id WHERE u.email = ? AND u.is_deleted = b'0' OR u.is_deleted = null AND ur.is_deleted = b'0' OR ur.is_deleted = null AND r.is_deleted = b'0' OR r.is_deleted = null AND ro.is_deleted = b'0' OR ro.is_deleted = null AND o.is_deleted = b'0' OR o.is_deleted = null 
2020-03-26 14:22:30.178 [Test worker] DEBUG c.spas.backend.mapper.UserMapper.selectUserByEmail - ==> Parameters: handy1998@qq.com(String)
2020-03-26 14:23:00.229 [Test worker] DEBUG c.spas.backend.mapper.UserMapper.selectUserByEmail - ==>  Preparing: SELECT u.id,u.`name`,u.salt,u.`password`,u.position,u.email,u.phone,u.office_id,u.department_id,u.avatar , r.`code` AS role, o.`code` AS permission FROM `user` as u INNER JOIN user_role AS ur ON u.id = ur.use_id LEFT JOIN role AS r ON ur.rol_id = r.id LEFT JOIN role_operation ro ON r.id = ro.rol_id LEFT JOIN operation o ON ro.ope_id = o.id WHERE u.email = ? AND u.is_deleted = b'0' OR u.is_deleted = null AND ur.is_deleted = b'0' OR ur.is_deleted = null AND r.is_deleted = b'0' OR r.is_deleted = null AND ro.is_deleted = b'0' OR ro.is_deleted = null AND o.is_deleted = b'0' OR o.is_deleted = null 
2020-03-26 14:23:00.259 [Test worker] DEBUG c.spas.backend.mapper.UserMapper.selectUserByEmail - ==> Parameters: handy1998@qq.com(String)
2020-03-26 14:23:00.288 [Test worker] DEBUG c.spas.backend.mapper.UserMapper.selectUserByEmail - <==      Total: 3
2020-03-26 14:30:16.719 [Test worker] DEBUG c.spas.backend.mapper.UserMapper.selectUserByEmail - ==>  Preparing: SELECT u.id,u.`name`,u.salt,u.`password`,u.position,u.email,u.phone,u.office_id,u.department_id,u.avatar , r.`code` AS role, o.`code` AS permission FROM `user` as u INNER JOIN user_role AS ur ON u.id = ur.use_id LEFT JOIN role AS r ON ur.rol_id = r.id LEFT JOIN role_operation ro ON r.id = ro.rol_id LEFT JOIN operation o ON ro.ope_id = o.id WHERE u.email = ? AND u.is_deleted = b'0' OR u.is_deleted = null AND ur.is_deleted = b'0' OR ur.is_deleted = null AND r.is_deleted = b'0' OR r.is_deleted = null AND ro.is_deleted = b'0' OR ro.is_deleted = null AND o.is_deleted = b'0' OR o.is_deleted = null 
2020-03-26 14:30:16.751 [Test worker] DEBUG c.spas.backend.mapper.UserMapper.selectUserByEmail - ==> Parameters: handy1998@qq.com(String)
2020-03-26 14:30:16.791 [Test worker] DEBUG c.spas.backend.mapper.UserMapper.selectUserByEmail - <==      Total: 3
2020-03-26 14:57:55.022 [http-nio-8080-exec-10] DEBUG c.spas.backend.mapper.UserMapper.selectUserByEmail - ==>  Preparing: SELECT u.id,u.`name`,u.salt,u.`password`,u.position,u.email,u.phone,u.office_id,u.department_id,u.avatar , r.`code` AS role, o.`code` AS permission FROM `user` as u INNER JOIN user_role AS ur ON u.id = ur.use_id LEFT JOIN role AS r ON ur.rol_id = r.id LEFT JOIN role_operation ro ON r.id = ro.rol_id LEFT JOIN operation o ON ro.ope_id = o.id WHERE u.email = ? AND u.is_deleted = b'0' OR u.is_deleted = null AND ur.is_deleted = b'0' OR ur.is_deleted = null AND r.is_deleted = b'0' OR r.is_deleted = null AND ro.is_deleted = b'0' OR ro.is_deleted = null AND o.is_deleted = b'0' OR o.is_deleted = null 
2020-03-26 14:57:55.045 [http-nio-8080-exec-10] DEBUG c.spas.backend.mapper.UserMapper.selectUserByEmail - ==> Parameters: handy1998@qq.com(String)
2020-03-26 14:57:55.072 [http-nio-8080-exec-10] DEBUG c.spas.backend.mapper.UserMapper.selectUserByEmail - <==      Total: 3
2020-03-26 14:57:55.081 [http-nio-8080-exec-10] DEBUG c.spas.backend.mapper.UserMapper.selectUserByEmail - ==>  Preparing: SELECT u.id,u.`name`,u.salt,u.`password`,u.position,u.email,u.phone,u.office_id,u.department_id,u.avatar , r.`code` AS role, o.`code` AS permission FROM `user` as u INNER JOIN user_role AS ur ON u.id = ur.use_id LEFT JOIN role AS r ON ur.rol_id = r.id LEFT JOIN role_operation ro ON r.id = ro.rol_id LEFT JOIN operation o ON ro.ope_id = o.id WHERE u.email = ? AND u.is_deleted = b'0' OR u.is_deleted = null AND ur.is_deleted = b'0' OR ur.is_deleted = null AND r.is_deleted = b'0' OR r.is_deleted = null AND ro.is_deleted = b'0' OR ro.is_deleted = null AND o.is_deleted = b'0' OR o.is_deleted = null 
2020-03-26 14:57:55.082 [http-nio-8080-exec-10] DEBUG c.spas.backend.mapper.UserMapper.selectUserByEmail - ==> Parameters: handy1998@qq.com(String)
2020-03-26 14:57:55.090 [http-nio-8080-exec-10] DEBUG c.spas.backend.mapper.UserMapper.selectUserByEmail - <==      Total: 3
2020-03-26 14:58:03.572 [http-nio-8080-exec-1] DEBUG c.spas.backend.mapper.UserMapper.selectUserByEmail - ==>  Preparing: SELECT u.id,u.`name`,u.salt,u.`password`,u.position,u.email,u.phone,u.office_id,u.department_id,u.avatar , r.`code` AS role, o.`code` AS permission FROM `user` as u INNER JOIN user_role AS ur ON u.id = ur.use_id LEFT JOIN role AS r ON ur.rol_id = r.id LEFT JOIN role_operation ro ON r.id = ro.rol_id LEFT JOIN operation o ON ro.ope_id = o.id WHERE u.email = ? AND u.is_deleted = b'0' OR u.is_deleted = null AND ur.is_deleted = b'0' OR ur.is_deleted = null AND r.is_deleted = b'0' OR r.is_deleted = null AND ro.is_deleted = b'0' OR ro.is_deleted = null AND o.is_deleted = b'0' OR o.is_deleted = null 
2020-03-26 14:58:03.573 [http-nio-8080-exec-1] DEBUG c.spas.backend.mapper.UserMapper.selectUserByEmail - ==> Parameters: handy1998@qq.com(String)
2020-03-26 14:58:03.582 [http-nio-8080-exec-1] DEBUG c.spas.backend.mapper.UserMapper.selectUserByEmail - <==      Total: 3
2020-03-26 14:58:03.584 [http-nio-8080-exec-1] DEBUG c.spas.backend.mapper.UserMapper.selectUserByEmail - ==>  Preparing: SELECT u.id,u.`name`,u.salt,u.`password`,u.position,u.email,u.phone,u.office_id,u.department_id,u.avatar , r.`code` AS role, o.`code` AS permission FROM `user` as u INNER JOIN user_role AS ur ON u.id = ur.use_id LEFT JOIN role AS r ON ur.rol_id = r.id LEFT JOIN role_operation ro ON r.id = ro.rol_id LEFT JOIN operation o ON ro.ope_id = o.id WHERE u.email = ? AND u.is_deleted = b'0' OR u.is_deleted = null AND ur.is_deleted = b'0' OR ur.is_deleted = null AND r.is_deleted = b'0' OR r.is_deleted = null AND ro.is_deleted = b'0' OR ro.is_deleted = null AND o.is_deleted = b'0' OR o.is_deleted = null 
2020-03-26 14:58:03.584 [http-nio-8080-exec-1] DEBUG c.spas.backend.mapper.UserMapper.selectUserByEmail - ==> Parameters: handy1998@qq(String)
2020-03-26 14:58:03.591 [http-nio-8080-exec-1] DEBUG c.spas.backend.mapper.UserMapper.selectUserByEmail - <==      Total: 0
2020-03-26 14:58:09.581 [http-nio-8080-exec-4] DEBUG c.spas.backend.mapper.UserMapper.selectUserByEmail - ==>  Preparing: SELECT u.id,u.`name`,u.salt,u.`password`,u.position,u.email,u.phone,u.office_id,u.department_id,u.avatar , r.`code` AS role, o.`code` AS permission FROM `user` as u INNER JOIN user_role AS ur ON u.id = ur.use_id LEFT JOIN role AS r ON ur.rol_id = r.id LEFT JOIN role_operation ro ON r.id = ro.rol_id LEFT JOIN operation o ON ro.ope_id = o.id WHERE u.email = ? AND u.is_deleted = b'0' OR u.is_deleted = null AND ur.is_deleted = b'0' OR ur.is_deleted = null AND r.is_deleted = b'0' OR r.is_deleted = null AND ro.is_deleted = b'0' OR ro.is_deleted = null AND o.is_deleted = b'0' OR o.is_deleted = null 
2020-03-26 14:58:09.582 [http-nio-8080-exec-4] DEBUG c.spas.backend.mapper.UserMapper.selectUserByEmail - ==> Parameters: handy1998@qq.com(String)
2020-03-26 14:58:09.590 [http-nio-8080-exec-4] DEBUG c.spas.backend.mapper.UserMapper.selectUserByEmail - <==      Total: 3
2020-03-26 14:58:09.590 [http-nio-8080-exec-4] DEBUG c.spas.backend.mapper.UserMapper.selectUserByEmail - ==>  Preparing: SELECT u.id,u.`name`,u.salt,u.`password`,u.position,u.email,u.phone,u.office_id,u.department_id,u.avatar , r.`code` AS role, o.`code` AS permission FROM `user` as u INNER JOIN user_role AS ur ON u.id = ur.use_id LEFT JOIN role AS r ON ur.rol_id = r.id LEFT JOIN role_operation ro ON r.id = ro.rol_id LEFT JOIN operation o ON ro.ope_id = o.id WHERE u.email = ? AND u.is_deleted = b'0' OR u.is_deleted = null AND ur.is_deleted = b'0' OR ur.is_deleted = null AND r.is_deleted = b'0' OR r.is_deleted = null AND ro.is_deleted = b'0' OR ro.is_deleted = null AND o.is_deleted = b'0' OR o.is_deleted = null 
2020-03-26 14:58:09.591 [http-nio-8080-exec-4] DEBUG c.spas.backend.mapper.UserMapper.selectUserByEmail - ==> Parameters: handy1998@qq.com(String)
2020-03-26 14:58:09.598 [http-nio-8080-exec-4] DEBUG c.spas.backend.mapper.UserMapper.selectUserByEmail - <==      Total: 3
2020-03-26 14:58:39.753 [http-nio-8080-exec-5] DEBUG c.spas.backend.mapper.UserMapper.selectUserByEmail - ==>  Preparing: SELECT u.id,u.`name`,u.salt,u.`password`,u.position,u.email,u.phone,u.office_id,u.department_id,u.avatar , r.`code` AS role, o.`code` AS permission FROM `user` as u INNER JOIN user_role AS ur ON u.id = ur.use_id LEFT JOIN role AS r ON ur.rol_id = r.id LEFT JOIN role_operation ro ON r.id = ro.rol_id LEFT JOIN operation o ON ro.ope_id = o.id WHERE u.email = ? AND u.is_deleted = b'0' OR u.is_deleted = null AND ur.is_deleted = b'0' OR ur.is_deleted = null AND r.is_deleted = b'0' OR r.is_deleted = null AND ro.is_deleted = b'0' OR ro.is_deleted = null AND o.is_deleted = b'0' OR o.is_deleted = null 
2020-03-26 14:58:39.753 [http-nio-8080-exec-5] DEBUG c.spas.backend.mapper.UserMapper.selectUserByEmail - ==> Parameters: handy1998@qq.com(String)
2020-03-26 14:58:39.762 [http-nio-8080-exec-5] DEBUG c.spas.backend.mapper.UserMapper.selectUserByEmail - <==      Total: 3
2020-03-26 14:58:39.762 [http-nio-8080-exec-5] DEBUG c.spas.backend.mapper.UserMapper.selectUserByEmail - ==>  Preparing: SELECT u.id,u.`name`,u.salt,u.`password`,u.position,u.email,u.phone,u.office_id,u.department_id,u.avatar , r.`code` AS role, o.`code` AS permission FROM `user` as u INNER JOIN user_role AS ur ON u.id = ur.use_id LEFT JOIN role AS r ON ur.rol_id = r.id LEFT JOIN role_operation ro ON r.id = ro.rol_id LEFT JOIN operation o ON ro.ope_id = o.id WHERE u.email = ? AND u.is_deleted = b'0' OR u.is_deleted = null AND ur.is_deleted = b'0' OR ur.is_deleted = null AND r.is_deleted = b'0' OR r.is_deleted = null AND ro.is_deleted = b'0' OR ro.is_deleted = null AND o.is_deleted = b'0' OR o.is_deleted = null 
2020-03-26 14:58:39.763 [http-nio-8080-exec-5] DEBUG c.spas.backend.mapper.UserMapper.selectUserByEmail - ==> Parameters: handy1998@qq.com(String)
2020-03-26 14:58:39.773 [http-nio-8080-exec-5] DEBUG c.spas.backend.mapper.UserMapper.selectUserByEmail - <==      Total: 3
2020-03-26 15:20:50.963 [http-nio-8080-exec-1] DEBUG c.spas.backend.mapper.UserMapper.selectUserByEmail - ==>  Preparing: SELECT u.id,u.`name`,u.salt,u.`password`,u.position,u.email,u.phone,u.office_id,u.department_id,u.avatar , r.`code` AS role, o.`code` AS permission FROM `user` AS u INNER JOIN user_role AS ur ON u.id = ur.use_id LEFT JOIN role AS r ON ur.rol_id = r.id LEFT JOIN role_operation ro ON r.id = ro.rol_id LEFT JOIN operation o ON ro.ope_id = o.id WHERE u.email = ? AND u.is_deleted = b'0' OR u.is_deleted = null AND ur.is_deleted = b'0' OR ur.is_deleted = null AND r.is_deleted = b'0' OR r.is_deleted = null AND ro.is_deleted = b'0' OR ro.is_deleted = null AND o.is_deleted = b'0' OR o.is_deleted = null 
2020-03-26 15:20:50.964 [http-nio-8080-exec-1] DEBUG c.spas.backend.mapper.UserMapper.selectUserByEmail - ==> Parameters: handy1998@qq.com(String)
2020-03-26 15:20:50.975 [http-nio-8080-exec-1] DEBUG c.spas.backend.mapper.UserMapper.selectUserByEmail - <==      Total: 3
2020-03-26 15:20:50.982 [http-nio-8080-exec-1] DEBUG c.spas.backend.mapper.UserMapper.selectUserByEmail - ==>  Preparing: SELECT u.id,u.`name`,u.salt,u.`password`,u.position,u.email,u.phone,u.office_id,u.department_id,u.avatar , r.`code` AS role, o.`code` AS permission FROM `user` AS u INNER JOIN user_role AS ur ON u.id = ur.use_id LEFT JOIN role AS r ON ur.rol_id = r.id LEFT JOIN role_operation ro ON r.id = ro.rol_id LEFT JOIN operation o ON ro.ope_id = o.id WHERE u.email = ? AND u.is_deleted = b'0' OR u.is_deleted = null AND ur.is_deleted = b'0' OR ur.is_deleted = null AND r.is_deleted = b'0' OR r.is_deleted = null AND ro.is_deleted = b'0' OR ro.is_deleted = null AND o.is_deleted = b'0' OR o.is_deleted = null 
2020-03-26 15:20:50.983 [http-nio-8080-exec-1] DEBUG c.spas.backend.mapper.UserMapper.selectUserByEmail - ==> Parameters: handy1998@qq.com(String)
2020-03-26 15:20:50.990 [http-nio-8080-exec-1] DEBUG c.spas.backend.mapper.UserMapper.selectUserByEmail - <==      Total: 3
2020-03-26 15:21:08.549 [http-nio-8080-exec-8] DEBUG c.spas.backend.mapper.UserMapper.selectUserByEmail - ==>  Preparing: SELECT u.id,u.`name`,u.salt,u.`password`,u.position,u.email,u.phone,u.office_id,u.department_id,u.avatar , r.`code` AS role, o.`code` AS permission FROM `user` AS u INNER JOIN user_role AS ur ON u.id = ur.use_id LEFT JOIN role AS r ON ur.rol_id = r.id LEFT JOIN role_operation ro ON r.id = ro.rol_id LEFT JOIN operation o ON ro.ope_id = o.id WHERE u.email = ? AND u.is_deleted = b'0' OR u.is_deleted = null AND ur.is_deleted = b'0' OR ur.is_deleted = null AND r.is_deleted = b'0' OR r.is_deleted = null AND ro.is_deleted = b'0' OR ro.is_deleted = null AND o.is_deleted = b'0' OR o.is_deleted = null 
2020-03-26 15:21:08.550 [http-nio-8080-exec-8] DEBUG c.spas.backend.mapper.UserMapper.selectUserByEmail - ==> Parameters: handy1998@qq.com(String)
2020-03-26 15:21:08.563 [http-nio-8080-exec-8] DEBUG c.spas.backend.mapper.UserMapper.selectUserByEmail - <==      Total: 3
2020-03-26 15:23:43.318 [http-nio-8080-exec-5] DEBUG c.spas.backend.mapper.UserMapper.selectUserByEmail - ==>  Preparing: SELECT u.id,u.`name`,u.salt,u.`password`,u.position,u.email,u.phone,u.office_id,u.department_id,u.avatar , r.`code` AS role, o.`code` AS permission FROM `user` AS u INNER JOIN user_role AS ur ON u.id = ur.use_id LEFT JOIN role AS r ON ur.rol_id = r.id LEFT JOIN role_operation ro ON r.id = ro.rol_id LEFT JOIN operation o ON ro.ope_id = o.id WHERE u.email = ? AND u.is_deleted = b'0' OR u.is_deleted = null AND ur.is_deleted = b'0' OR ur.is_deleted = null AND r.is_deleted = b'0' OR r.is_deleted = null AND ro.is_deleted = b'0' OR ro.is_deleted = null AND o.is_deleted = b'0' OR o.is_deleted = null 
2020-03-26 15:23:43.319 [http-nio-8080-exec-5] DEBUG c.spas.backend.mapper.UserMapper.selectUserByEmail - ==> Parameters: handy1998@qq.com(String)
2020-03-26 15:23:43.331 [http-nio-8080-exec-5] DEBUG c.spas.backend.mapper.UserMapper.selectUserByEmail - <==      Total: 3
