2020-03-25 16:49:41.807 [main] DEBUG c.spas.backend.mapper.UserMapper.selectUserByEmail - ==>  Preparing: SELECT * FROM user WHERE email = ? AND is_deleted = b'0' 
2020-03-25 16:49:41.837 [main] DEBUG c.spas.backend.mapper.UserMapper.selectUserByEmail - ==> Parameters: handy1998@qq.com(String)
2020-03-25 16:49:41.875 [main] DEBUG c.spas.backend.mapper.UserMapper.selectUserByEmail - <==      Total: 1
2020-03-25 18:05:02.731 [main] DEBUG c.spas.backend.mapper.UserMapper.selectUserByEmail - ==>  Preparing: SELECT * FROM user WHERE email = ? AND is_deleted = b'0' 
2020-03-25 18:05:02.758 [main] DEBUG c.spas.backend.mapper.UserMapper.selectUserByEmail - ==> Parameters: handy1998@qq.com(String)
2020-03-25 18:05:02.787 [main] DEBUG c.spas.backend.mapper.UserMapper.selectUserByEmail - <==      Total: 1
2020-03-25 18:05:02.836 [main] DEBUG com.spas.backend.mapper.UserMapper.update - ==>  Preparing: UPDATE user SET name=?, salt=?, password=?, position=?, email=?, phone=?, department_id=?, office_id=?, avatar=?, create_time=?, update_time=now(), password=? WHERE is_deleted=b'0' 
2020-03-25 18:05:02.841 [main] DEBUG com.spas.backend.mapper.UserMapper.update - ==> Parameters: 张三(String), (String), (String), 检察官(String), handy1998@qq.com(String), 18072837645(String), 494a49c4e895a791b61e53df257f9f60(String), a887c5eb331721807d88f4e9c40e2dcd(String), https://mybatis.plus/img/logo.png(String), 2020-03-24T18:59:40(LocalDateTime), 290b6b8906b83f16c8208bc15ab1bbff09e2e5922dbe0783235821c4413ffe35(String)
2020-03-25 18:05:02.850 [main] DEBUG com.spas.backend.mapper.UserMapper.update - <==    Updates: 1
2020-03-25 18:18:29.060 [main] DEBUG c.spas.backend.mapper.UserMapper.selectUserByEmail - ==>  Preparing: SELECT * FROM user WHERE email = ? AND is_deleted = b'0' 
2020-03-25 18:18:29.089 [main] DEBUG c.spas.backend.mapper.UserMapper.selectUserByEmail - ==> Parameters: handy1998@qq.com(String)
2020-03-25 18:18:29.120 [main] DEBUG c.spas.backend.mapper.UserMapper.selectUserByEmail - <==      Total: 1
2020-03-25 18:18:29.157 [main] DEBUG com.spas.backend.mapper.UserMapper.update - ==>  Preparing: UPDATE user SET name=?, salt=?, password=?, position=?, email=?, phone=?, department_id=?, office_id=?, avatar=?, create_time=?, update_time=now(), salt=?,password=? WHERE is_deleted=b'0' 
2020-03-25 18:18:29.162 [main] DEBUG com.spas.backend.mapper.UserMapper.update - ==> Parameters: 张三(String), (String), 290b6b8906b83f16c8208bc15ab1bbff09e2e5922dbe0783235821c4413ffe35(String), 检察官(String), handy1998@qq.com(String), 18072837645(String), 494a49c4e895a791b61e53df257f9f60(String), a887c5eb331721807d88f4e9c40e2dcd(String), https://mybatis.plus/img/logo.png(String), 2020-03-24T10:59:40(LocalDateTime), 3596a22f162a99a40a00afe156b68a8b(String), 0eb78ea6bb27299d5270126c2301c04dca6c329257696a1455370b99b53f7c74(String)
2020-03-25 18:18:29.172 [main] DEBUG com.spas.backend.mapper.UserMapper.update - <==    Updates: 1
2020-03-25 18:28:47.889 [main] DEBUG c.spas.backend.mapper.UserMapper.selectUserByEmail - ==>  Preparing: SELECT * FROM user WHERE email = ? AND is_deleted = b'0' 
2020-03-25 18:28:47.918 [main] DEBUG c.spas.backend.mapper.UserMapper.selectUserByEmail - ==> Parameters: handy1998@qq.com(String)
2020-03-25 18:28:47.952 [main] DEBUG c.spas.backend.mapper.UserMapper.selectUserByEmail - <==      Total: 1
2020-03-25 18:28:47.988 [main] DEBUG com.spas.backend.mapper.UserMapper.update - ==>  Preparing: UPDATE user SET name=?, salt=?, password=?, position=?, email=?, phone=?, department_id=?, office_id=?, avatar=?, create_time=?, update_time=now(), salt=?,password=? WHERE is_deleted=b'0' 
2020-03-25 18:28:47.994 [main] DEBUG com.spas.backend.mapper.UserMapper.update - ==> Parameters: 张三(String), 3596a22f162a99a40a00afe156b68a8b(String), 0eb78ea6bb27299d5270126c2301c04dca6c329257696a1455370b99b53f7c74(String), 检察官(String), handy1998@qq.com(String), 18072837645(String), 494a49c4e895a791b61e53df257f9f60(String), a887c5eb331721807d88f4e9c40e2dcd(String), https://mybatis.plus/img/logo.png(String), 2020-03-24T02:59:40(LocalDateTime), 113acf62d2e2d1f04bf7ef52b0781b3b(String), d0beb091852de97b62842bdc00a52a0fa4e4874f34923e5d3526bbfaba4447e3(String)
2020-03-25 18:28:48.005 [main] DEBUG com.spas.backend.mapper.UserMapper.update - <==    Updates: 1
2020-03-25 18:30:53.611 [main] DEBUG c.spas.backend.mapper.UserMapper.selectUserByEmail - ==>  Preparing: SELECT * FROM user WHERE email = ? AND is_deleted = b'0' 
2020-03-25 18:30:53.638 [main] DEBUG c.spas.backend.mapper.UserMapper.selectUserByEmail - ==> Parameters: handy1998@qq.com(String)
2020-03-25 18:30:53.666 [main] DEBUG c.spas.backend.mapper.UserMapper.selectUserByEmail - <==      Total: 1
2020-03-25 18:30:53.696 [main] DEBUG com.spas.backend.mapper.UserMapper.update - ==>  Preparing: UPDATE user SET salt=?,password=? WHERE is_deleted=b'0' 
2020-03-25 18:30:53.699 [main] DEBUG com.spas.backend.mapper.UserMapper.update - ==> Parameters: f217b1277a01e6dfce46b5aad54366ca(String), 4c6957af69101221a89ff9f60cd904ea651b928ba0ff79f3fd06c157f3e3ad90(String)
2020-03-25 18:30:53.710 [main] DEBUG com.spas.backend.mapper.UserMapper.update - <==    Updates: 1
2020-03-25 18:41:33.955 [main] DEBUG com.spas.backend.mapper.RoleMapper.insert - ==>  Preparing: INSERT INTO role ( id, name, office_id ) VALUES ( ?, ?, ? ) 
2020-03-25 18:41:33.990 [main] DEBUG com.spas.backend.mapper.RoleMapper.insert - ==> Parameters: d07d74d6b64c3af27899e5963efb9921(String), 检察长(String), a887c5eb331721807d88f4e9c40e2dcd(String)
2020-03-25 18:41:34.007 [main] DEBUG com.spas.backend.mapper.RoleMapper.insert - <==    Updates: 1
2020-03-25 18:41:57.265 [main] DEBUG com.spas.backend.mapper.UserRoleMapper.insert - ==>  Preparing: INSERT INTO user_role ( use_id, rol_id, office_id ) VALUES ( ?, ?, ? ) 
2020-03-25 18:41:57.292 [main] DEBUG com.spas.backend.mapper.UserRoleMapper.insert - ==> Parameters: 6bf8719eec5bec13aa61d6eacdd74818(String), d07d74d6b64c3af27899e5963efb9921(String), a887c5eb331721807d88f4e9c40e2dcd(String)
2020-03-25 18:41:57.322 [main] DEBUG com.spas.backend.mapper.UserRoleMapper.insert - <==    Updates: 1
2020-03-25 18:49:19.755 [main] DEBUG c.s.b.mapper.UserRoleMapper.selectUserRolesByUseId - ==>  Preparing: SELECT * FROM user_role WHERE use_id = ? 
2020-03-25 18:49:19.782 [main] DEBUG c.s.b.mapper.UserRoleMapper.selectUserRolesByUseId - ==> Parameters: 6bf8719eec5bec13aa61d6eacdd74818(String)
2020-03-25 18:49:19.810 [main] DEBUG c.s.b.mapper.UserRoleMapper.selectUserRolesByUseId - <==      Total: 2
2020-03-25 18:50:20.029 [main] DEBUG c.s.b.mapper.UserRoleMapper.selectUserRolesByUseId - ==>  Preparing: SELECT * FROM user_role WHERE use_id = ? 
2020-03-25 18:50:20.058 [main] DEBUG c.s.b.mapper.UserRoleMapper.selectUserRolesByUseId - ==> Parameters: 6bf8719eec5bec13aa61d6eacdd74818(String)
2020-03-25 18:50:20.087 [main] DEBUG c.s.b.mapper.UserRoleMapper.selectUserRolesByUseId - <==      Total: 2
2020-03-25 18:52:34.347 [main] DEBUG c.s.b.mapper.UserRoleMapper.selectUserRolesByUseId - ==>  Preparing: SELECT * FROM user_role WHERE use_id = ? 
2020-03-25 18:52:34.377 [main] DEBUG c.s.b.mapper.UserRoleMapper.selectUserRolesByUseId - ==> Parameters: 6bf8719eec5bec13aa61d6eacdd74818(String)
2020-03-25 18:52:34.407 [main] DEBUG c.s.b.mapper.UserRoleMapper.selectUserRolesByUseId - <==      Total: 2
2020-03-25 18:53:49.372 [main] DEBUG c.s.b.mapper.UserRoleMapper.selectUserRolesByUseId - ==>  Preparing: SELECT * FROM user_role WHERE use_id = ? 
2020-03-25 18:53:49.403 [main] DEBUG c.s.b.mapper.UserRoleMapper.selectUserRolesByUseId - ==> Parameters: 6bf8719eec5bec13aa61d6eacdd74818(String)
2020-03-25 18:53:49.434 [main] DEBUG c.s.b.mapper.UserRoleMapper.selectUserRolesByUseId - <==      Total: 2
2020-03-25 19:20:00.947 [main] DEBUG c.spas.backend.mapper.UserMapper.selectUserByEmail - ==>  Preparing: SELECT u.id u.name u.salt u.password u.position u.email u.phone u.office_id u.department_id u.avatar FROM user as u WHERE email = ? AND is_deleted = b'0' 
2020-03-25 19:20:00.977 [main] DEBUG c.spas.backend.mapper.UserMapper.selectUserByEmail - ==> Parameters: handy1998@qq.com(String)
2020-03-25 19:21:47.924 [main] DEBUG c.spas.backend.mapper.UserMapper.selectUserByEmail - ==>  Preparing: SELECT u.id, u.name, u.salt, u.password, u.position, u.email, u.phone, u.office_id, u.department_id, u.avatar FROM user as u WHERE email = ? AND is_deleted = b'0' 
2020-03-25 19:21:47.953 [main] DEBUG c.spas.backend.mapper.UserMapper.selectUserByEmail - ==> Parameters: handy1998@qq.com(String)
2020-03-25 19:21:47.982 [main] DEBUG c.spas.backend.mapper.UserMapper.selectUserByEmail - <==      Total: 1
2020-03-25 21:00:40.968 [main] DEBUG c.s.b.mapper.UserRoleMapper.selectUserRolesByUseId - ==>  Preparing: SELECT * FROM user_role WHERE use_id = ? 
2020-03-25 21:00:40.999 [main] DEBUG c.s.b.mapper.UserRoleMapper.selectUserRolesByUseId - ==> Parameters: 6bf8719eec5bec13aa61d6eacdd74818(String)
2020-03-25 21:00:41.038 [main] DEBUG c.s.b.mapper.UserRoleMapper.selectUserRolesByUseId - <==      Total: 2
2020-03-25 21:02:25.619 [main] DEBUG c.s.b.mapper.UserRoleMapper.selectUserRolesByUseId - ==>  Preparing: SELECT ur.rol_id FROM user_role as ur WHERE use_id = ? AND is_deleted = b'0' 
2020-03-25 21:02:25.654 [main] DEBUG c.s.b.mapper.UserRoleMapper.selectUserRolesByUseId - ==> Parameters: 6bf8719eec5bec13aa61d6eacdd74818(String)
2020-03-25 21:02:25.683 [main] DEBUG c.s.b.mapper.UserRoleMapper.selectUserRolesByUseId - <==      Total: 2
2020-03-25 21:07:15.182 [main] DEBUG c.s.b.mapper.UserRoleMapper.selectUserRolesByUseId - ==>  Preparing: SELECT ur.rol_id FROM user_role as ur WHERE use_id = ? AND is_deleted = b'0' 
2020-03-25 21:07:15.214 [main] DEBUG c.s.b.mapper.UserRoleMapper.selectUserRolesByUseId - ==> Parameters: 6bf8719eec5bec13aa61d6eacdd74818(String)
2020-03-25 21:07:15.242 [main] DEBUG c.s.b.mapper.UserRoleMapper.selectUserRolesByUseId - <==      Total: 2
2020-03-25 21:12:23.363 [main] DEBUG c.s.b.mapper.UserRoleMapper.selectUserRolesByUseId - ==>  Preparing: SELECT ur.rol_id FROM user_role as ur WHERE use_id = ? AND is_deleted = b'0' 
2020-03-25 21:12:23.395 [main] DEBUG c.s.b.mapper.UserRoleMapper.selectUserRolesByUseId - ==> Parameters: 6bf8719eec5bec13aa61d6eacdd74818(String)
2020-03-25 21:12:23.423 [main] DEBUG c.s.b.mapper.UserRoleMapper.selectUserRolesByUseId - <==      Total: 2
2020-03-25 21:47:44.616 [http-nio-8080-exec-1] DEBUG c.spas.backend.mapper.UserMapper.selectUserByEmail - ==>  Preparing: SELECT u.id, u.name, u.salt, u.password, u.position, u.email, u.phone, u.office_id, u.department_id, u.avatar FROM user as u WHERE email = ? AND is_deleted = b'0' 
2020-03-25 21:47:44.634 [http-nio-8080-exec-1] DEBUG c.spas.backend.mapper.UserMapper.selectUserByEmail - ==> Parameters: handy1998@qq.com(String)
2020-03-25 21:47:44.655 [http-nio-8080-exec-1] DEBUG c.spas.backend.mapper.UserMapper.selectUserByEmail - <==      Total: 1
2020-03-25 21:51:17.944 [http-nio-8080-exec-5] DEBUG c.spas.backend.mapper.UserMapper.selectUserByEmail - ==>  Preparing: SELECT u.id, u.name, u.salt, u.password, u.position, u.email, u.phone, u.office_id, u.department_id, u.avatar FROM user as u WHERE email = ? AND is_deleted = b'0' 
2020-03-25 21:51:17.945 [http-nio-8080-exec-5] DEBUG c.spas.backend.mapper.UserMapper.selectUserByEmail - ==> Parameters: handy1998@qq.com(String)
2020-03-25 21:51:17.956 [http-nio-8080-exec-5] DEBUG c.spas.backend.mapper.UserMapper.selectUserByEmail - <==      Total: 1
2020-03-25 21:52:44.475 [http-nio-8080-exec-2] DEBUG c.spas.backend.mapper.UserMapper.selectUserByEmail - ==>  Preparing: SELECT u.id, u.name, u.salt, u.password, u.position, u.email, u.phone, u.office_id, u.department_id, u.avatar FROM user as u WHERE email = ? AND is_deleted = b'0' 
2020-03-25 21:52:44.495 [http-nio-8080-exec-2] DEBUG c.spas.backend.mapper.UserMapper.selectUserByEmail - ==> Parameters: handy1998@qq.com(String)
2020-03-25 21:52:44.514 [http-nio-8080-exec-2] DEBUG c.spas.backend.mapper.UserMapper.selectUserByEmail - <==      Total: 1
2020-03-25 21:53:38.071 [http-nio-8080-exec-3] DEBUG c.spas.backend.mapper.UserMapper.selectUserByEmail - ==>  Preparing: SELECT u.id, u.name, u.salt, u.password, u.position, u.email, u.phone, u.office_id, u.department_id, u.avatar FROM user as u WHERE email = ? AND is_deleted = b'0' 
2020-03-25 21:53:38.072 [http-nio-8080-exec-3] DEBUG c.spas.backend.mapper.UserMapper.selectUserByEmail - ==> Parameters: handy1998@qq.com(String)
2020-03-25 21:53:38.078 [http-nio-8080-exec-3] DEBUG c.spas.backend.mapper.UserMapper.selectUserByEmail - <==      Total: 1
2020-03-25 21:53:40.727 [http-nio-8080-exec-4] DEBUG c.spas.backend.mapper.UserMapper.selectUserByEmail - ==>  Preparing: SELECT u.id, u.name, u.salt, u.password, u.position, u.email, u.phone, u.office_id, u.department_id, u.avatar FROM user as u WHERE email = ? AND is_deleted = b'0' 
2020-03-25 21:53:40.727 [http-nio-8080-exec-4] DEBUG c.spas.backend.mapper.UserMapper.selectUserByEmail - ==> Parameters: handy1998@qq.com(String)
2020-03-25 21:53:40.733 [http-nio-8080-exec-4] DEBUG c.spas.backend.mapper.UserMapper.selectUserByEmail - <==      Total: 1
2020-03-25 21:54:15.607 [http-nio-8080-exec-5] DEBUG c.spas.backend.mapper.UserMapper.selectUserByEmail - ==>  Preparing: SELECT u.id, u.name, u.salt, u.password, u.position, u.email, u.phone, u.office_id, u.department_id, u.avatar FROM user as u WHERE email = ? AND is_deleted = b'0' 
2020-03-25 21:54:15.607 [http-nio-8080-exec-5] DEBUG c.spas.backend.mapper.UserMapper.selectUserByEmail - ==> Parameters: handy1998@qq.co(String)
2020-03-25 21:54:15.618 [http-nio-8080-exec-5] DEBUG c.spas.backend.mapper.UserMapper.selectUserByEmail - <==      Total: 0
2020-03-25 22:00:31.834 [http-nio-8080-exec-2] DEBUG c.spas.backend.mapper.UserMapper.selectUserByEmail - ==>  Preparing: SELECT u.id, u.name, u.salt, u.password, u.position, u.email, u.phone, u.office_id, u.department_id, u.avatar FROM user as u WHERE email = ? AND is_deleted = b'0' 
2020-03-25 22:00:31.853 [http-nio-8080-exec-2] DEBUG c.spas.backend.mapper.UserMapper.selectUserByEmail - ==> Parameters: handy1998@qq.co(String)
2020-03-25 22:00:31.875 [http-nio-8080-exec-2] DEBUG c.spas.backend.mapper.UserMapper.selectUserByEmail - <==      Total: 0
2020-03-25 22:01:32.951 [http-nio-8080-exec-4] DEBUG c.spas.backend.mapper.UserMapper.selectUserByEmail - ==>  Preparing: SELECT u.id, u.name, u.salt, u.password, u.position, u.email, u.phone, u.office_id, u.department_id, u.avatar FROM user as u WHERE email = ? AND is_deleted = b'0' 
2020-03-25 22:01:32.952 [http-nio-8080-exec-4] DEBUG c.spas.backend.mapper.UserMapper.selectUserByEmail - ==> Parameters: handy1998@qq.co(String)
2020-03-25 22:01:32.956 [http-nio-8080-exec-4] DEBUG c.spas.backend.mapper.UserMapper.selectUserByEmail - <==      Total: 0
2020-03-25 22:01:46.082 [http-nio-8080-exec-1] DEBUG c.spas.backend.mapper.UserMapper.selectUserByEmail - ==>  Preparing: SELECT u.id, u.name, u.salt, u.password, u.position, u.email, u.phone, u.office_id, u.department_id, u.avatar FROM user as u WHERE email = ? AND is_deleted = b'0' 
2020-03-25 22:01:46.100 [http-nio-8080-exec-1] DEBUG c.spas.backend.mapper.UserMapper.selectUserByEmail - ==> Parameters: handy1998@qq.co(String)
2020-03-25 22:01:46.123 [http-nio-8080-exec-1] DEBUG c.spas.backend.mapper.UserMapper.selectUserByEmail - <==      Total: 0
2020-03-25 22:19:00.200 [http-nio-8080-exec-2] DEBUG c.spas.backend.mapper.UserMapper.selectUserByEmail - ==>  Preparing: SELECT u.id, u.name, u.salt, u.password, u.position, u.email, u.phone, u.office_id, u.department_id, u.avatar FROM user as u WHERE email = ? AND is_deleted = b'0' 
2020-03-25 22:19:00.220 [http-nio-8080-exec-2] DEBUG c.spas.backend.mapper.UserMapper.selectUserByEmail - ==> Parameters: handy1998@qq.co(String)
2020-03-25 22:19:00.236 [http-nio-8080-exec-2] DEBUG c.spas.backend.mapper.UserMapper.selectUserByEmail - <==      Total: 0
2020-03-25 22:19:31.821 [http-nio-8080-exec-3] DEBUG c.spas.backend.mapper.UserMapper.selectUserByEmail - ==>  Preparing: SELECT u.id, u.name, u.salt, u.password, u.position, u.email, u.phone, u.office_id, u.department_id, u.avatar FROM user as u WHERE email = ? AND is_deleted = b'0' 
2020-03-25 22:19:31.822 [http-nio-8080-exec-3] DEBUG c.spas.backend.mapper.UserMapper.selectUserByEmail - ==> Parameters: handy1998@qq.co(String)
2020-03-25 22:19:31.826 [http-nio-8080-exec-3] DEBUG c.spas.backend.mapper.UserMapper.selectUserByEmail - <==      Total: 0
2020-03-25 22:19:36.515 [http-nio-8080-exec-4] DEBUG c.spas.backend.mapper.UserMapper.selectUserByEmail - ==>  Preparing: SELECT u.id, u.name, u.salt, u.password, u.position, u.email, u.phone, u.office_id, u.department_id, u.avatar FROM user as u WHERE email = ? AND is_deleted = b'0' 
2020-03-25 22:19:36.515 [http-nio-8080-exec-4] DEBUG c.spas.backend.mapper.UserMapper.selectUserByEmail - ==> Parameters: handy1998@qq.com(String)
2020-03-25 22:19:36.522 [http-nio-8080-exec-4] DEBUG c.spas.backend.mapper.UserMapper.selectUserByEmail - <==      Total: 1
2020-03-25 22:19:41.455 [http-nio-8080-exec-5] DEBUG c.spas.backend.mapper.UserMapper.selectUserByEmail - ==>  Preparing: SELECT u.id, u.name, u.salt, u.password, u.position, u.email, u.phone, u.office_id, u.department_id, u.avatar FROM user as u WHERE email = ? AND is_deleted = b'0' 
2020-03-25 22:19:41.455 [http-nio-8080-exec-5] DEBUG c.spas.backend.mapper.UserMapper.selectUserByEmail - ==> Parameters: handy1998@qq.co(String)
2020-03-25 22:19:41.461 [http-nio-8080-exec-5] DEBUG c.spas.backend.mapper.UserMapper.selectUserByEmail - <==      Total: 0
2020-03-25 22:19:45.559 [http-nio-8080-exec-6] DEBUG c.spas.backend.mapper.UserMapper.selectUserByEmail - ==>  Preparing: SELECT u.id, u.name, u.salt, u.password, u.position, u.email, u.phone, u.office_id, u.department_id, u.avatar FROM user as u WHERE email = ? AND is_deleted = b'0' 
2020-03-25 22:19:45.559 [http-nio-8080-exec-6] DEBUG c.spas.backend.mapper.UserMapper.selectUserByEmail - ==> Parameters: handy1998@qq.com(String)
2020-03-25 22:19:45.565 [http-nio-8080-exec-6] DEBUG c.spas.backend.mapper.UserMapper.selectUserByEmail - <==      Total: 1
2020-03-25 22:20:47.090 [http-nio-8080-exec-2] DEBUG c.spas.backend.mapper.UserMapper.selectUserByEmail - ==>  Preparing: SELECT u.id, u.name, u.salt, u.password, u.position, u.email, u.phone, u.office_id, u.department_id, u.avatar FROM user as u WHERE email = ? AND is_deleted = b'0' 
2020-03-25 22:20:47.091 [http-nio-8080-exec-2] DEBUG c.spas.backend.mapper.UserMapper.selectUserByEmail - ==> Parameters: handy1998@qq.com(String)
2020-03-25 22:20:47.096 [http-nio-8080-exec-2] DEBUG c.spas.backend.mapper.UserMapper.selectUserByEmail - <==      Total: 1
2020-03-25 22:34:03.034 [http-nio-8080-exec-5] DEBUG c.spas.backend.mapper.UserMapper.selectUserByEmail - ==>  Preparing: SELECT u.id, u.name, u.salt, u.password, u.position, u.email, u.phone, u.office_id, u.department_id, u.avatar FROM user as u WHERE email = ? AND is_deleted = b'0' 
2020-03-25 22:34:03.035 [http-nio-8080-exec-5] DEBUG c.spas.backend.mapper.UserMapper.selectUserByEmail - ==> Parameters: handy1998@qq.com(String)
2020-03-25 22:34:03.042 [http-nio-8080-exec-5] DEBUG c.spas.backend.mapper.UserMapper.selectUserByEmail - <==      Total: 1
2020-03-25 22:34:49.574 [http-nio-8080-exec-10] DEBUG c.spas.backend.mapper.UserMapper.selectUserByEmail - ==>  Preparing: SELECT u.id, u.name, u.salt, u.password, u.position, u.email, u.phone, u.office_id, u.department_id, u.avatar FROM user as u WHERE email = ? AND is_deleted = b'0' 
2020-03-25 22:34:49.574 [http-nio-8080-exec-10] DEBUG c.spas.backend.mapper.UserMapper.selectUserByEmail - ==> Parameters: handy1998@qq.com(String)
2020-03-25 22:34:49.578 [http-nio-8080-exec-10] DEBUG c.spas.backend.mapper.UserMapper.selectUserByEmail - <==      Total: 1
2020-03-25 22:34:51.794 [http-nio-8080-exec-2] DEBUG c.spas.backend.mapper.UserMapper.selectUserByEmail - ==>  Preparing: SELECT u.id, u.name, u.salt, u.password, u.position, u.email, u.phone, u.office_id, u.department_id, u.avatar FROM user as u WHERE email = ? AND is_deleted = b'0' 
2020-03-25 22:34:51.795 [http-nio-8080-exec-2] DEBUG c.spas.backend.mapper.UserMapper.selectUserByEmail - ==> Parameters: handy1998@qq.com(String)
2020-03-25 22:34:51.800 [http-nio-8080-exec-2] DEBUG c.spas.backend.mapper.UserMapper.selectUserByEmail - <==      Total: 1
2020-03-25 22:34:52.820 [http-nio-8080-exec-4] DEBUG c.spas.backend.mapper.UserMapper.selectUserByEmail - ==>  Preparing: SELECT u.id, u.name, u.salt, u.password, u.position, u.email, u.phone, u.office_id, u.department_id, u.avatar FROM user as u WHERE email = ? AND is_deleted = b'0' 
2020-03-25 22:34:52.820 [http-nio-8080-exec-4] DEBUG c.spas.backend.mapper.UserMapper.selectUserByEmail - ==> Parameters: handy1998@qq.com(String)
2020-03-25 22:34:52.825 [http-nio-8080-exec-4] DEBUG c.spas.backend.mapper.UserMapper.selectUserByEmail - <==      Total: 1
2020-03-25 22:35:39.156 [http-nio-8080-exec-6] DEBUG c.spas.backend.mapper.UserMapper.selectUserByEmail - ==>  Preparing: SELECT u.id, u.name, u.salt, u.password, u.position, u.email, u.phone, u.office_id, u.department_id, u.avatar FROM user as u WHERE email = ? AND is_deleted = b'0' 
2020-03-25 22:35:39.156 [http-nio-8080-exec-6] DEBUG c.spas.backend.mapper.UserMapper.selectUserByEmail - ==> Parameters: handy1998@qq.com(String)
2020-03-25 22:35:39.161 [http-nio-8080-exec-6] DEBUG c.spas.backend.mapper.UserMapper.selectUserByEmail - <==      Total: 1
2020-03-25 22:36:50.408 [http-nio-8080-exec-1] DEBUG c.spas.backend.mapper.UserMapper.selectUserByEmail - ==>  Preparing: SELECT u.id, u.name, u.salt, u.password, u.position, u.email, u.phone, u.office_id, u.department_id, u.avatar FROM user as u WHERE email = ? AND is_deleted = b'0' 
2020-03-25 22:36:50.427 [http-nio-8080-exec-1] DEBUG c.spas.backend.mapper.UserMapper.selectUserByEmail - ==> Parameters: handy1998@qq.com(String)
2020-03-25 22:36:50.451 [http-nio-8080-exec-1] DEBUG c.spas.backend.mapper.UserMapper.selectUserByEmail - <==      Total: 1
2020-03-25 22:51:06.071 [http-nio-8080-exec-2] DEBUG c.spas.backend.mapper.UserMapper.selectUserByEmail - ==>  Preparing: SELECT u.id, u.name, u.salt, u.password, u.position, u.email, u.phone, u.office_id, u.department_id, u.avatar FROM user as u WHERE email = ? AND is_deleted = b'0' 
2020-03-25 22:51:06.090 [http-nio-8080-exec-2] DEBUG c.spas.backend.mapper.UserMapper.selectUserByEmail - ==> Parameters: handy1998@qq.com(String)
2020-03-25 22:51:06.136 [http-nio-8080-exec-2] DEBUG c.spas.backend.mapper.UserMapper.selectUserByEmail - <==      Total: 1
2020-03-25 22:54:43.781 [http-nio-8080-exec-2] DEBUG c.spas.backend.mapper.UserMapper.selectUserByEmail - ==>  Preparing: SELECT u.id, u.name, u.salt, u.password, u.position, u.email, u.phone, u.office_id, u.department_id, u.avatar FROM user as u WHERE email = ? AND is_deleted = b'0' 
2020-03-25 22:54:43.804 [http-nio-8080-exec-2] DEBUG c.spas.backend.mapper.UserMapper.selectUserByEmail - ==> Parameters: handy1998@qq.com(String)
2020-03-25 22:54:43.833 [http-nio-8080-exec-2] DEBUG c.spas.backend.mapper.UserMapper.selectUserByEmail - <==      Total: 1
2020-03-25 22:54:43.852 [http-nio-8080-exec-2] DEBUG c.spas.backend.mapper.UserMapper.selectUserByEmail - ==>  Preparing: SELECT u.id, u.name, u.salt, u.password, u.position, u.email, u.phone, u.office_id, u.department_id, u.avatar FROM user as u WHERE email = ? AND is_deleted = b'0' 
2020-03-25 22:54:43.853 [http-nio-8080-exec-2] DEBUG c.spas.backend.mapper.UserMapper.selectUserByEmail - ==> Parameters: handy1998@qq.com(String)
2020-03-25 22:54:43.860 [http-nio-8080-exec-2] DEBUG c.spas.backend.mapper.UserMapper.selectUserByEmail - <==      Total: 1
2020-03-25 22:55:34.618 [http-nio-8080-exec-4] DEBUG c.spas.backend.mapper.UserMapper.selectUserByEmail - ==>  Preparing: SELECT u.id, u.name, u.salt, u.password, u.position, u.email, u.phone, u.office_id, u.department_id, u.avatar FROM user as u WHERE email = ? AND is_deleted = b'0' 
2020-03-25 22:55:34.619 [http-nio-8080-exec-4] DEBUG c.spas.backend.mapper.UserMapper.selectUserByEmail - ==> Parameters: handy1998@qq.com(String)
2020-03-25 22:55:34.624 [http-nio-8080-exec-4] DEBUG c.spas.backend.mapper.UserMapper.selectUserByEmail - <==      Total: 1
2020-03-25 22:55:34.625 [http-nio-8080-exec-4] DEBUG c.spas.backend.mapper.UserMapper.selectUserByEmail - ==>  Preparing: SELECT u.id, u.name, u.salt, u.password, u.position, u.email, u.phone, u.office_id, u.department_id, u.avatar FROM user as u WHERE email = ? AND is_deleted = b'0' 
2020-03-25 22:55:34.625 [http-nio-8080-exec-4] DEBUG c.spas.backend.mapper.UserMapper.selectUserByEmail - ==> Parameters: handy1998@qq.com(String)
2020-03-25 22:55:34.631 [http-nio-8080-exec-4] DEBUG c.spas.backend.mapper.UserMapper.selectUserByEmail - <==      Total: 1
2020-03-25 22:57:45.842 [http-nio-8080-exec-2] DEBUG c.spas.backend.mapper.UserMapper.selectUserByEmail - ==>  Preparing: SELECT u.id, u.name, u.salt, u.password, u.position, u.email, u.phone, u.office_id, u.department_id, u.avatar FROM user as u WHERE email = ? AND is_deleted = b'0' 
2020-03-25 22:57:45.865 [http-nio-8080-exec-2] DEBUG c.spas.backend.mapper.UserMapper.selectUserByEmail - ==> Parameters: handy1998@qq.com(String)
2020-03-25 22:57:45.884 [http-nio-8080-exec-2] DEBUG c.spas.backend.mapper.UserMapper.selectUserByEmail - <==      Total: 1
2020-03-25 22:57:45.903 [http-nio-8080-exec-2] DEBUG c.spas.backend.mapper.UserMapper.selectUserByEmail - ==>  Preparing: SELECT u.id, u.name, u.salt, u.password, u.position, u.email, u.phone, u.office_id, u.department_id, u.avatar FROM user as u WHERE email = ? AND is_deleted = b'0' 
2020-03-25 22:57:45.904 [http-nio-8080-exec-2] DEBUG c.spas.backend.mapper.UserMapper.selectUserByEmail - ==> Parameters: handy1998@qq.com(String)
2020-03-25 22:57:45.909 [http-nio-8080-exec-2] DEBUG c.spas.backend.mapper.UserMapper.selectUserByEmail - <==      Total: 1
2020-03-25 23:02:47.134 [http-nio-8080-exec-2] DEBUG c.spas.backend.mapper.UserMapper.selectUserByEmail - ==>  Preparing: SELECT u.id, u.name, u.salt, u.password, u.position, u.email, u.phone, u.office_id, u.department_id, u.avatar FROM user as u WHERE email = ? AND is_deleted = b'0' 
2020-03-25 23:02:47.155 [http-nio-8080-exec-2] DEBUG c.spas.backend.mapper.UserMapper.selectUserByEmail - ==> Parameters: handy1998@qq.com(String)
2020-03-25 23:02:47.178 [http-nio-8080-exec-2] DEBUG c.spas.backend.mapper.UserMapper.selectUserByEmail - <==      Total: 1
2020-03-25 23:02:47.198 [http-nio-8080-exec-2] DEBUG c.spas.backend.mapper.UserMapper.selectUserByEmail - ==>  Preparing: SELECT u.id, u.name, u.salt, u.password, u.position, u.email, u.phone, u.office_id, u.department_id, u.avatar FROM user as u WHERE email = ? AND is_deleted = b'0' 
2020-03-25 23:02:47.199 [http-nio-8080-exec-2] DEBUG c.spas.backend.mapper.UserMapper.selectUserByEmail - ==> Parameters: handy1998@qq.com(String)
2020-03-25 23:02:47.204 [http-nio-8080-exec-2] DEBUG c.spas.backend.mapper.UserMapper.selectUserByEmail - <==      Total: 1
2020-03-25 23:05:17.471 [http-nio-8080-exec-2] DEBUG c.spas.backend.mapper.UserMapper.selectUserByEmail - ==>  Preparing: SELECT u.id, u.name, u.salt, u.password, u.position, u.email, u.phone, u.office_id, u.department_id, u.avatar FROM user as u WHERE email = ? AND is_deleted = b'0' 
2020-03-25 23:05:17.484 [http-nio-8080-exec-2] DEBUG c.spas.backend.mapper.UserMapper.selectUserByEmail - ==> Parameters: handy(String)
2020-03-25 23:05:17.499 [http-nio-8080-exec-2] DEBUG c.spas.backend.mapper.UserMapper.selectUserByEmail - <==      Total: 0
2020-03-25 23:05:24.341 [http-nio-8080-exec-3] DEBUG c.spas.backend.mapper.UserMapper.selectUserByEmail - ==>  Preparing: SELECT u.id, u.name, u.salt, u.password, u.position, u.email, u.phone, u.office_id, u.department_id, u.avatar FROM user as u WHERE email = ? AND is_deleted = b'0' 
2020-03-25 23:05:24.342 [http-nio-8080-exec-3] DEBUG c.spas.backend.mapper.UserMapper.selectUserByEmail - ==> Parameters: handy1998@qq.com(String)
2020-03-25 23:05:24.348 [http-nio-8080-exec-3] DEBUG c.spas.backend.mapper.UserMapper.selectUserByEmail - <==      Total: 1
2020-03-25 23:06:04.436 [http-nio-8080-exec-5] DEBUG c.spas.backend.mapper.UserMapper.selectUserByEmail - ==>  Preparing: SELECT u.id, u.name, u.salt, u.password, u.position, u.email, u.phone, u.office_id, u.department_id, u.avatar FROM user as u WHERE email = ? AND is_deleted = b'0' 
2020-03-25 23:06:04.436 [http-nio-8080-exec-5] DEBUG c.spas.backend.mapper.UserMapper.selectUserByEmail - ==> Parameters: handy1998@qq.com(String)
2020-03-25 23:06:04.441 [http-nio-8080-exec-5] DEBUG c.spas.backend.mapper.UserMapper.selectUserByEmail - <==      Total: 1
2020-03-25 23:07:20.890 [http-nio-8080-exec-2] DEBUG c.spas.backend.mapper.UserMapper.selectUserByEmail - ==>  Preparing: SELECT u.id, u.name, u.salt, u.password, u.position, u.email, u.phone, u.office_id, u.department_id, u.avatar FROM user as u WHERE email = ? AND is_deleted = b'0' 
2020-03-25 23:07:20.891 [http-nio-8080-exec-2] DEBUG c.spas.backend.mapper.UserMapper.selectUserByEmail - ==> Parameters: handy1998@qq.com(String)
2020-03-25 23:07:20.895 [http-nio-8080-exec-2] DEBUG c.spas.backend.mapper.UserMapper.selectUserByEmail - <==      Total: 1
2020-03-25 23:07:20.899 [http-nio-8080-exec-2] DEBUG c.spas.backend.mapper.UserMapper.selectUserByEmail - ==>  Preparing: SELECT u.id, u.name, u.salt, u.password, u.position, u.email, u.phone, u.office_id, u.department_id, u.avatar FROM user as u WHERE email = ? AND is_deleted = b'0' 
2020-03-25 23:07:20.899 [http-nio-8080-exec-2] DEBUG c.spas.backend.mapper.UserMapper.selectUserByEmail - ==> Parameters: handy1998@qq.com(String)
2020-03-25 23:07:20.903 [http-nio-8080-exec-2] DEBUG c.spas.backend.mapper.UserMapper.selectUserByEmail - <==      Total: 1
2020-03-25 23:07:30.630 [http-nio-8080-exec-4] DEBUG c.spas.backend.mapper.UserMapper.selectUserByEmail - ==>  Preparing: SELECT u.id, u.name, u.salt, u.password, u.position, u.email, u.phone, u.office_id, u.department_id, u.avatar FROM user as u WHERE email = ? AND is_deleted = b'0' 
2020-03-25 23:07:30.630 [http-nio-8080-exec-4] DEBUG c.spas.backend.mapper.UserMapper.selectUserByEmail - ==> Parameters: handy1998@qq.com(String)
2020-03-25 23:07:30.635 [http-nio-8080-exec-4] DEBUG c.spas.backend.mapper.UserMapper.selectUserByEmail - <==      Total: 1
2020-03-25 23:27:11.902 [http-nio-8080-exec-10] DEBUG c.spas.backend.mapper.UserMapper.selectUserByEmail - ==>  Preparing: SELECT u.id, u.name, u.salt, u.password, u.position, u.email, u.phone, u.office_id, u.department_id, u.avatar FROM user as u WHERE email = ? AND is_deleted = b'0' 
2020-03-25 23:27:11.903 [http-nio-8080-exec-10] DEBUG c.spas.backend.mapper.UserMapper.selectUserByEmail - ==> Parameters: handy1998@qq.com(String)
2020-03-25 23:27:11.909 [http-nio-8080-exec-10] DEBUG c.spas.backend.mapper.UserMapper.selectUserByEmail - <==      Total: 1
